26102015111004 => Success: [] Texture 1 data successfully created by [Gunasilan - System Profile Id (00001)]
INSERT INTO next_texture_lookup_table(Texture_Item_No,Texture_Name,Texture_Color,StdWrapCode,AltWrapCode1,
	AltWrapCode2,AltWrapCode3,FabricDesign,MaterialType,Status,Season,Category,AddedBy) VALUES
	(
	'ygiu','bui','biu','0','21','21','0'
	,'23','25','10','1','4','1')
26102015111004 => Success: [] comments successfully created by [Gunasilan - System Profile Id (00001)]
INSERT INTO next_trans_cmtt_table(Comments,TransId,CommentedBy) VALUES ('wdd','TexO9',1)
26102015111051 => Success: [] Texture 2 data successfully created by [Gunasilan - System Profile Id (00001)]
INSERT INTO next_texturesec_lookup_table(Texture_Item_No,Texture_Color,Status,Season,Category,AddedBy) VALUES
	('TIN2-001','Dark','27','1','','1')
26102015111051 => Success: [] comments successfully created by [Gunasilan - System Profile Id (00001)]
INSERT INTO next_trans_cmtt_table(Comments,TransId,CommentedBy) VALUES ('ww','TexS0',1)
26102015111005 => Success: [] Texture 2 data successfully created by [Gunasilan - System Profile Id (00001)]
INSERT INTO next_texturesec_lookup_table(Texture_Item_No,Texture_Color,Status,Season,Category,AddedBy) VALUES
	('TIN2-001','Dark','10','1','4','1')
26102015111005 => Success: [] comments successfully created by [Gunasilan - System Profile Id (00001)]
INSERT INTO next_trans_cmtt_table(Comments,TransId,CommentedBy) VALUES ('guna','TexS0',1)
26102015111028 => Success: [] Texture 2 data successfully created by [Gunasilan - System Profile Id (00001)]
INSERT INTO next_texturesec_lookup_table(Texture_Item_No,Texture_Color,Status,Season,Category,AddedBy) VALUES
	('TIN2-001','Dark','10','1','4','1')
26102015111028 => Success: [] comments successfully created by [Gunasilan - System Profile Id (00001)]
INSERT INTO next_trans_cmtt_table(Comments,TransId,CommentedBy) VALUES ('test texture 2','TexS1',1)
2015-10-26 12:10:57 => Success: [] masterd data successfully created by [Gunasilan - System Profile Id (00001)]
UPDATE next_texturesec_lookup_table SET isapproved='Y', dateapproved = '2015-10-26 12:10:57'  WHERE id='1'
2015-10-26 12:10:32 => Success: [] masterd data successfully created by [Gunasilan - System Profile Id (00001)]
UPDATE next_texturesec_lookup_table SET isapproved='', dateapproved = ''  WHERE id='1'
2015-10-26 12:10:34 => Success: [] masterd data successfully created by [Gunasilan - System Profile Id (00001)]
UPDATE next_texturesec_lookup_table SET isapproved='Y', dateapproved = '2015-10-26 12:10:34'  WHERE id='1'
26102015121012 => Success: [] Texture 2 data successfully created by [Gunasilan - System Profile Id (00001)]
INSERT INTO next_texturesec_lookup_table(Texture_Item_No,Texture_Color,Status,Season,Category,AddedBy) VALUES
	('Item Number','Texture Color','27','24','22','1')
26102015121012 => Success: [] comments successfully created by [Gunasilan - System Profile Id (00001)]
INSERT INTO next_trans_cmtt_table(Comments,TransId,CommentedBy) VALUES ('Comments','TexS2',1)
2015-10-26 12:10:25 => Success: [] masterd data successfully created by [Gunasilan - System Profile Id (00001)]
UPDATE next_texturesec_lookup_table SET isapproved='Y', dateapproved = '2015-10-26 12:10:25'  WHERE id='2'
2015-10-26 12:10:26 => Success: [] masterd data successfully created by [Gunasilan - System Profile Id (00001)]
UPDATE next_texturesec_lookup_table SET isapproved='', dateapproved = ''  WHERE id='2'
2015-10-26 12:10:06 => Success: [] masterd data successfully created by [Gunasilan - System Profile Id (00001)]
UPDATE next_texture_lookup_table SET isapproved='', dateapproved = ''  WHERE id='4'
2015-10-26 12:10:07 => Success: [] masterd data successfully created by [Gunasilan - System Profile Id (00001)]
UPDATE next_texture_lookup_table SET isapproved='Y', dateapproved = '2015-10-26 12:10:07'  WHERE id='4'
26102015061055 => Success: [] Texture 2 data successfully created by [Gunasilan - System Profile Id (00001)]
INSERT INTO next_texturesec_lookup_table(Texture_Item_No,Texture_Color,Status,Season,Category,AddedBy) VALUES
	('','','0','0','0','1')
26102015061055 => Success: [] comments successfully created by [Gunasilan - System Profile Id (00001)]
INSERT INTO next_trans_cmtt_table(Comments,TransId,CommentedBy) VALUES ('','TexS3',1)
26102015061042 => Error: [] Texture 1 data Error uploaded by [1 - System Profile Id (00001)]
INSERT INTO next_texture_lookup_table(
	Category,MaterialType,State,WrapCode_Option,AngleSet,
	Option_Code,Description,Main,
	_1,_2,_3,_4,_5,_6,_7,_8,_9,_10,_11,_12,_13,_14_15,AddedBy
	) VALUES
	(
	'0','0','0','0','0','',''
	,'','','','','','',
	'','','','','','','','',
	'','','1')
26102015061042 => Success: [] comments successfully created by [Gunasilan - System Profile Id (00001)]
INSERT INTO next_trans_cmtt_table(Comments,TransId,CommentedBy) VALUES ('','OptC9',1)
26102015061027 => Error: [] Texture 1 data Error uploaded by [1 - System Profile Id (00001)]
INSERT INTO next_texture_lookup_table(
	Category,MaterialType,State,WrapCode_Option,AngleSet,
	Option_Code,Description,Main,
	_1,_2,_3,_4,_5,_6,_7,_8,_9,_10,_11,_12,_13,_14_15,AddedBy
	) VALUES
	(
	'4','25','20','15','28','lm','lml'
	,'lml','8','8','8','89','',
	'','','','','','','','',
	'','','1')
26102015061027 => Success: [] comments successfully created by [Gunasilan - System Profile Id (00001)]
INSERT INTO next_trans_cmtt_table(Comments,TransId,CommentedBy) VALUES ('','OptC9',1)
26102015061050 => Error: [] Texture 1 data Error uploaded by [1 - System Profile Id (00001)]
INSERT INTO next_texture_lookup_table(
	Category,MaterialType,State,WrapCode_Option,AngleSet,
	Option_Code,Description,Main,
	_1,_2,_3,_4,_5,_6,_7,_8,_9,_10,_11,_12,_13,_14_15,AddedBy
	) VALUES
	(
	'5','25','20','13','28','j','j'
	,'j','0','0','0','0','',
	'','','','','','','','',
	'','','1')
26102015061050 => Success: [] comments successfully created by [Gunasilan - System Profile Id (00001)]
INSERT INTO next_trans_cmtt_table(Comments,TransId,CommentedBy) VALUES ('j','OptC9',1)
26102015061037 => Error: [] Texture 1 data Error uploaded by [1 - System Profile Id (00001)]
INSERT INTO next_texture_lookup_table(
	Category,
	MaterialType,
	State,
	WrapCode_Option,
	AngleSet,
	Option_Code,
	Description,
	Main,
	_1,
	_2,
	_3,
	_4,
	_5,
	_6,
	_7,
	_8,
	_9,
	_10,
	_11,
	_12,
	_13,
	_14
	_15,
	AddedBy
	) VALUES
	(
	'4',
	'25',
	'20',
	'13',
	'28',
	'Option Code',
	'Option Description'
	,'Main',
	'1',
	'2',
	'3',
	'4',
	'5',
	'6',
	'7',
	'8',
	'9',
	'10',
	'11',
	'12',
	'13',
	'14',
	'15',
	'1')
26102015061037 => Success: [] comments successfully created by [Gunasilan - System Profile Id (00001)]
INSERT INTO next_trans_cmtt_table(Comments,TransId,CommentedBy) VALUES ('Comments	','OptC9',1)
26102015061034 => Success: [] Texture 1 data successfully created by [Gunasilan - System Profile Id (00001)]
INSERT INTO next_option_lookup_table(
	Category,
	MaterialType,
	State,
	WrapCode_Option,
	AngleSet,
	Option_Code,
	Description,
	Main,
	_1,
	_2,
	_3,
	_4,
	_5,
	_6,
	_7,
	_8,
	_9,
	_10,
	_11,
	_12,
	_13,
	_14,
	_15,
	AddedBy
	) VALUES
	(
	'22',
	'25',
	'20',
	'13',
	'28',
	'Option Code',
	'Option Description'
	,'Main',
	'1',
	'2',
	'3',
	'4',
	'5',
	'6',
	'7',
	'8',
	'9',
	'10',
	'11',
	'12',
	'13',
	'14',
	'15',
	'1')
26102015061034 => Success: [] comments successfully created by [Gunasilan - System Profile Id (00001)]
INSERT INTO next_trans_cmtt_table(Comments,TransId,CommentedBy) VALUES ('Comments	','OptC9',1)
26102015061032 => Success: [] Texture 1 data successfully created by [Gunasilan - System Profile Id (00001)]
INSERT INTO next_option_lookup_table(
	Category,
	MaterialType,
	State,
	WrapCode_Option,
	AngleSet,
	Option_Code,
	Description,
	Main,
	_1,
	_2,
	_3,
	_4,
	_5,
	_6,
	_7,
	_8,
	_9,
	_10,
	_11,
	_12,
	_13,
	_14,
	_15,
	AddedBy
	) VALUES
	(
	'0',
	'0',
	'0',
	'0',
	'0',
	'',
	''
	,'',
	'',
	'',
	'',
	'',
	'',
	'',
	'',
	'',
	'',
	'',
	'',
	'',
	'',
	'',
	'',
	'1')
26102015061032 => Success: [] comments successfully created by [Gunasilan - System Profile Id (00001)]
INSERT INTO next_trans_cmtt_table(Comments,TransId,CommentedBy) VALUES ('	','OptC9',1)
26102015061012 => Success: [] Texture 1 data successfully created by [Gunasilan - System Profile Id (00001)]
INSERT INTO next_option_lookup_table(
	Category,
	MaterialType,
	State,
	WrapCode_Option,
	AngleSet,
	Option_Code,
	Description,
	Main,
	_1,
	_2,
	_3,
	_4,
	_5,
	_6,
	_7,
	_8,
	_9,
	_10,
	_11,
	_12,
	_13,
	_14,
	_15,
	AddedBy
	) VALUES
	(
	'22',
	'25',
	'20',
	'13',
	'28',
	'Code',
	'Description'
	,'Main',
	'Main',
	'Main',
	'Main',
	'Main',
	'Main',
	'Main',
	'Main',
	'Main',
	'Main',
	'Main',
	'Main',
	'Main',
	'Main',
	'Main',
	'Main',
	'1')
26102015061012 => Success: [] comments successfully created by [Gunasilan - System Profile Id (00001)]
INSERT INTO next_trans_cmtt_table(Comments,TransId,CommentedBy) VALUES ('Comments	','OptC9',1)
2015-10-27 10:10:24 => Success: [] masterd data successfully created by [Gunasilan - System Profile Id (00001)]
UPDATE next_texture_lookup_table SET isapproved='Y', dateapproved = '2015-10-27 10:10:24'  WHERE id='5'
27102015111024 => Success: [] Texture 1 data successfully created by [Gunasilan - System Profile Id (00001)]
INSERT INTO next_option_lookup_table(
	Category,
	MaterialType,
	State,
	WrapCode_Option,
	AngleSet,
	Option_Code,
	Description,
	Main,
	_1,
	_2,
	_3,
	_4,
	_5,
	_6,
	_7,
	_8,
	_9,
	_10,
	_11,
	_12,
	_13,
	_14,
	_15,
	AddedBy
	) VALUES
	(
	'22',
	'25',
	'20',
	'14',
	'28',
	'04',
	'Storage Footstool'
	,'',
	'',
	'54',
	'52',
	'62',
	'56',
	'',
	'',
	'',
	'',
	'',
	'',
	'',
	'',
	'',
	'',
	'1')
27102015111024 => Success: [] comments successfully created by [Gunasilan - System Profile Id (00001)]
INSERT INTO next_trans_cmtt_table(Comments,TransId,CommentedBy) VALUES ('TestComment	','OptC1',1)
27102015111029 => Success: [] Texture 1 data successfully created by [Gunasilan - System Profile Id (00001)]
INSERT INTO next_option_lookup_table(
	Category,
	MaterialType,
	State,
	WrapCode_Option,
	AngleSet,
	Option_Code,
	Description,
	Main,
	_1,
	_2,
	_3,
	_4,
	_5,
	_6,
	_7,
	_8,
	_9,
	_10,
	_11,
	_12,
	_13,
	_14,
	_15,
	AddedBy
	) VALUES
	(
	'5',
	'25',
	'20',
	'13',
	'28',
	'Option Code',
	'Option Description'
	,'Main',
	'1',
	'2',
	'3',
	'4',
	'5',
	'6',
	'7',
	'8',
	'9',
	'10',
	'11',
	'12',
	'13',
	'14',
	'15',
	'1')
27102015111029 => Success: [] comments successfully created by [Gunasilan - System Profile Id (00001)]
INSERT INTO next_trans_cmtt_table(Comments,TransId,CommentedBy) VALUES ('Comments Comments	','OptC2',1)
2015-10-27 11:10:51 => Success: [] masterd data successfully created by [Gunasilan - System Profile Id (00001)]
UPDATE next_option_lookup_table SET isapproved='Y', dateapproved = '2015-10-27 11:10:51'  WHERE id='1'
2015-10-27 11:10:53 => Success: [] masterd data successfully created by [Gunasilan - System Profile Id (00001)]
UPDATE next_texturesec_lookup_table SET isapproved='', dateapproved = ''  WHERE id='1'
2015-10-27 11:10:55 => Success: [] masterd data successfully created by [Gunasilan - System Profile Id (00001)]
UPDATE next_texturesec_lookup_table SET isapproved='', dateapproved = ''  WHERE id='1'
2015-10-27 11:10:11 => Success: [] masterd data successfully created by [Gunasilan - System Profile Id (00001)]
UPDATE next_option_lookup_table SET isapproved='', dateapproved = ''  WHERE id='1'
2015-10-27 11:10:13 => Success: [] masterd data successfully created by [Gunasilan - System Profile Id (00001)]
UPDATE next_option_lookup_table SET isapproved='Y', dateapproved = '2015-10-27 11:10:13'  WHERE id='1'
2015-10-27 11:10:15 => Success: [] masterd data successfully created by [Gunasilan - System Profile Id (00001)]
UPDATE next_option_lookup_table SET isapproved='', dateapproved = ''  WHERE id='1'
27102015041025 => Error: [] Texture 2 data Error uploaded by [1 - System Profile Id (00001)]
INSERT INTO next_texturesec_lookup_table(Range_desc,Bead_Option,Angle_Set_Option,Category,AddedBy) VALUES
	('Range Description','17','28','4','1')
27102015041025 => Success: [] comments successfully created by [Gunasilan - System Profile Id (00001)]
INSERT INTO next_trans_cmtt_table(Comments,TransId,CommentedBy) VALUES ('','TexS3',1)
27102015051016 => Error: [] Texture 2 data Error uploaded by [1 - System Profile Id (00001)]
INSERT INTO next_texturesec_lookup_table(Range_desc,Bead_Option,Angle_Set_Option,Category,AddedBy) VALUES
	('Range Description','18','28','4','1')
27102015051016 => Success: [] comments successfully created by [Gunasilan - System Profile Id (00001)]
INSERT INTO next_trans_cmtt_table(Comments,TransId,CommentedBy) VALUES ('Range Description','TexS3',1)
27102015051006 => Error: [] Texture 2 data Error uploaded by [1 - System Profile Id (00001)]
INSERT INTO next_texturesec_lookup_table(Range_desc,Bead_Option,Angle_Set_Option,Category,AddedBy) VALUES
	('next_range_lookup_table','18','28','6','1')
27102015051006 => Error: [] comments Error uploaded by [1 - System Profile Id (00001)]
INSERT INTO next_range_lookup_table(Comments,TransId,CommentedBy) VALUES ('next_range_lookup_table','RanS',1)
27102015051028 => Success: [] Texture 2 data successfully created by [Gunasilan - System Profile Id (00001)]
INSERT INTO next_range_lookup_table(Range_desc,Bead_Option,Angle_Set_Option,Category,AddedBy) VALUES
	('next_range_lookup_table','18','28','5','1')
27102015051028 => Success: [] comments successfully created by [Gunasilan - System Profile Id (00001)]
INSERT INTO next_trans_cmtt_table(Comments,TransId,CommentedBy) VALUES ('next_range_lookup_table','Ran3',1)
2015-10-27 05:10:37 => Success: [] masterd data successfully created by [Gunasilan - System Profile Id (00001)]
UPDATE next_texture_lookup_table SET isapproved='Y', dateapproved = '2015-10-27 05:10:37'  WHERE id='1'
2015-10-27 05:10:42 => Success: [] masterd data successfully created by [Gunasilan - System Profile Id (00001)]
UPDATE next_texture_lookup_table SET isapproved='Y', dateapproved = '2015-10-27 05:10:42'  WHERE id='1'
2015-10-27 05:10:55 => Success: [] masterd data successfully created by [Gunasilan - System Profile Id (00001)]
UPDATE next_texture_lookup_table SET isapproved='Y', dateapproved = '2015-10-27 05:10:55'  WHERE id='1'
2015-10-27 05:10:59 => Success: [] masterd data successfully created by [Gunasilan - System Profile Id (00001)]
UPDATE next_option_lookup_table SET isapproved='Y', dateapproved = '2015-10-27 05:10:59'  WHERE id='1'
2015-10-27 05:10:01 => Success: [] masterd data successfully created by [Gunasilan - System Profile Id (00001)]
UPDATE next_option_lookup_table SET isapproved='Y', dateapproved = '2015-10-27 05:10:01'  WHERE id='1'
2015-10-27 05:10:02 => Success: [] masterd data successfully created by [Gunasilan - System Profile Id (00001)]
UPDATE next_option_lookup_table SET isapproved='Y', dateapproved = '2015-10-27 05:10:02'  WHERE id='1'
2015-10-27 05:10:31 => Success: [] masterd data successfully created by [Gunasilan - System Profile Id (00001)]
UPDATE next_range_lookup_table SET isapproved='Y', dateapproved = '2015-10-27 05:10:31'  WHERE id='1'
2015-10-27 05:10:33 => Success: [] masterd data successfully created by [Gunasilan - System Profile Id (00001)]
UPDATE next_range_lookup_table SET isapproved='', dateapproved = ''  WHERE id='1'
2015-10-27 05:10:33 => Success: [] masterd data successfully created by [Gunasilan - System Profile Id (00001)]
UPDATE next_range_lookup_table SET isapproved='Y', dateapproved = '2015-10-27 05:10:33'  WHERE id='1'
2015-10-27 05:10:34 => Success: [] masterd data successfully created by [Gunasilan - System Profile Id (00001)]
UPDATE next_range_lookup_table SET isapproved='', dateapproved = ''  WHERE id='1'
2015-10-27 05:10:35 => Success: [] masterd data successfully created by [Gunasilan - System Profile Id (00001)]
UPDATE next_range_lookup_table SET isapproved='Y', dateapproved = '2015-10-27 05:10:35'  WHERE id='1'
2015-10-27 05:10:36 => Success: [] masterd data successfully created by [Gunasilan - System Profile Id (00001)]
UPDATE next_range_lookup_table SET isapproved='', dateapproved = ''  WHERE id='1'
2015-10-27 05:10:36 => Success: [] masterd data successfully created by [Gunasilan - System Profile Id (00001)]
UPDATE next_range_lookup_table SET isapproved='Y', dateapproved = '2015-10-27 05:10:36'  WHERE id='1'
2015-10-27 05:10:37 => Success: [] masterd data successfully created by [Gunasilan - System Profile Id (00001)]
UPDATE next_range_lookup_table SET isapproved='', dateapproved = ''  WHERE id='1'
2015-10-27 06:10:08 => Success: [] masterd data successfully created by [Gunasilan - System Profile Id (00001)]
UPDATE next_texturesec_lookup_table SET isapproved='Y', dateapproved = '2015-10-27 06:10:08'  WHERE id='1'
2015-10-27 06:10:09 => Success: [] masterd data successfully created by [Gunasilan - System Profile Id (00001)]
UPDATE next_texturesec_lookup_table SET isapproved='', dateapproved = ''  WHERE id='1'
2015-10-27 06:10:09 => Success: [] masterd data successfully created by [Gunasilan - System Profile Id (00001)]
UPDATE next_texturesec_lookup_table SET isapproved='Y', dateapproved = '2015-10-27 06:10:09'  WHERE id='1'
2015-10-27 06:10:10 => Success: [] masterd data successfully created by [Gunasilan - System Profile Id (00001)]
UPDATE next_texturesec_lookup_table SET isapproved='', dateapproved = ''  WHERE id='1'
2015-10-27 06:10:11 => Success: [] masterd data successfully created by [Gunasilan - System Profile Id (00001)]
UPDATE next_texturesec_lookup_table SET isapproved='Y', dateapproved = '2015-10-27 06:10:11'  WHERE id='1'
2015-10-27 06:10:11 => Success: [] masterd data successfully created by [Gunasilan - System Profile Id (00001)]
UPDATE next_texturesec_lookup_table SET isapproved='', dateapproved = ''  WHERE id='1'
2015-10-27 06:10:12 => Success: [] masterd data successfully created by [Gunasilan - System Profile Id (00001)]
UPDATE next_texturesec_lookup_table SET isapproved='Y', dateapproved = '2015-10-27 06:10:12'  WHERE id='1'
2015-10-27 06:10:12 => Success: [] masterd data successfully created by [Gunasilan - System Profile Id (00001)]
UPDATE next_texturesec_lookup_table SET isapproved='', dateapproved = ''  WHERE id='1'
2015-10-27 06:10:12 => Success: [] masterd data successfully created by [Gunasilan - System Profile Id (00001)]
UPDATE next_texturesec_lookup_table SET isapproved='Y', dateapproved = '2015-10-27 06:10:12'  WHERE id='1'
2015-10-27 06:10:45 => Success: [] masterd data successfully created by [Gunasilan - System Profile Id (00001)]
UPDATE next_texture_lookup_table SET isapproved='Y', dateapproved = '2015-10-27 06:10:45'  WHERE id='6'
2015-10-27 06:10:47 => Success: [] masterd data successfully created by [Gunasilan - System Profile Id (00001)]
UPDATE next_texture_lookup_table SET isapproved='', dateapproved = ''  WHERE id='2'
2015-10-27 06:10:49 => Success: [] masterd data successfully created by [Gunasilan - System Profile Id (00001)]
UPDATE next_texture_lookup_table SET isapproved='', dateapproved = ''  WHERE id='3'
2015-10-27 06:10:51 => Success: [] masterd data successfully created by [Gunasilan - System Profile Id (00001)]
UPDATE next_texture_lookup_table SET isapproved='', dateapproved = ''  WHERE id='4'
2015-10-27 06:10:58 => Success: [] masterd data successfully created by [Gunasilan - System Profile Id (00001)]
UPDATE next_texture_lookup_table SET isapproved='Y', dateapproved = '2015-10-27 06:10:58'  WHERE id='2'
2015-10-27 06:10:08 => Success: [] masterd data successfully created by [Gunasilan - System Profile Id (00001)]
UPDATE next_texture_lookup_table SET isapproved='', dateapproved = ''  WHERE id='2'
2015-10-27 06:10:09 => Success: [] masterd data successfully created by [Gunasilan - System Profile Id (00001)]
UPDATE next_texture_lookup_table SET isapproved='Y', dateapproved = '2015-10-27 06:10:09'  WHERE id='2'
2015-10-27 06:10:12 => Success: [] masterd data successfully created by [Gunasilan - System Profile Id (00001)]
UPDATE next_texture_lookup_table SET isapproved='Y', dateapproved = '2015-10-27 06:10:12'  WHERE id='3'
2015-10-27 06:10:13 => Success: [] masterd data successfully created by [Gunasilan - System Profile Id (00001)]
UPDATE next_texture_lookup_table SET isapproved='Y', dateapproved = '2015-10-27 06:10:13'  WHERE id='4'
2015-10-27 06:10:16 => Success: [] masterd data successfully created by [Gunasilan - System Profile Id (00001)]
UPDATE next_texture_lookup_table SET isapproved='', dateapproved = ''  WHERE id='2'
2015-10-27 06:10:18 => Success: [] masterd data successfully created by [Gunasilan - System Profile Id (00001)]
UPDATE next_texture_lookup_table SET isapproved='', dateapproved = ''  WHERE id='3'
2015-10-27 06:10:19 => Success: [] masterd data successfully created by [Gunasilan - System Profile Id (00001)]
UPDATE next_texture_lookup_table SET isapproved='', dateapproved = ''  WHERE id='4'
2015-10-27 06:10:21 => Success: [] masterd data successfully created by [Gunasilan - System Profile Id (00001)]
UPDATE next_texture_lookup_table SET isapproved='', dateapproved = ''  WHERE id='5'
2015-10-27 06:10:28 => Success: [] masterd data successfully created by [Gunasilan - System Profile Id (00001)]
UPDATE next_texture_lookup_table SET isapproved='', dateapproved = ''  WHERE id='6'
2015-10-28 10:10:10 => Success: [] masterd data successfully created by [Gunasilan - System Profile Id (00001)]
UPDATE next_texture_lookup_table SET isapproved='Y', dateapproved = '2015-10-28 10:10:10'  WHERE id='2'
2015-10-28 10:10:14 => Success: [] masterd data successfully created by [Gunasilan - System Profile Id (00001)]
UPDATE next_texture_lookup_table SET isapproved='Y', dateapproved = '2015-10-28 10:10:14'  WHERE id='3'
28:10:2015 10:10:08 => Success: [gmuniandy] login succesfully
29:10:2015 10:10:20 => Success: [gmuniandy] login succesfully
29:10:2015 10:10:28 => Success: [gmuniandy] login succesfully
29102015101002 => Success: [RND LUT] masterd data successfully created by [Gunasilan - System Profile Id (00001)]
INSERT INTO next_master_header_detail(Headername,createdby) VALUES ('RND LUT','1')
29102015101058 => Success: [20] masterd data successfully created by [Gunasilan - System Profile Id (00001)]
INSERT INTO next_master_data_detail(Dataname,Description,headerid,createdby) VALUES 
		('Test Guna','Demo','20','1')
2015-10-29 10:10:00 => Success: [] masterd data successfully created by [Gunasilan - System Profile Id (00001)]
UPDATE next_texture_lookup_table SET isapproved='', dateapproved = ''  WHERE id='2'
2015-10-29 10:10:06 => Success: [] masterd data successfully created by [Gunasilan - System Profile Id (00001)]
UPDATE next_texture_lookup_table SET isapproved='Y', dateapproved = '2015-10-29 10:10:06'  WHERE id='2'
2015-10-29 10:10:30 => Success: [] masterd data successfully created by [Gunasilan - System Profile Id (00001)]
UPDATE next_option_lookup_table SET isapproved='', dateapproved = ''  WHERE id='1'
2015-10-29 10:10:34 => Success: [] masterd data successfully created by [Gunasilan - System Profile Id (00001)]
UPDATE next_option_lookup_table SET isapproved='Y', dateapproved = '2015-10-29 10:10:34'  WHERE id='2'
03:11:2015 11:11:35 => Success: [gmuniandy] login succesfully
24:11:2015 12:11:06 => Success: [gmuniandy] login succesfully
24112015121124 => Success: [PH00003] successfully created by [Gunasilan - System Profile Id (00001)]
INSERT INTO next_id_generator_table(Description,SystemId,CreatedBy) VALUES ('Phase','PH00003',1)
24112015121124 => Success: [PH00003] successfully uploaded by [Gunasilan - System Profile Id (00001)]
INSERT INTO next_main_phase_table(phaseid,seasonid,categoryid,description,Brieffilename,Uploadedby)
						VALUES 
						('PH00003','1','6','test rename','CORE_Role Mapping_Wave2_test2.xlsx',1)
 => Success: [CORE_Role Mapping_Wave2_test2.xlsx] brief successfully uploaded to system by [Gunasilan - System Profile Id (00001)]
2411201512111414 => Success: [PH00004] successfully created by [Gunasilan - System Profile Id (00001)]
INSERT INTO next_id_generator_table(Description,SystemId,CreatedBy) VALUES ('Phase','PH00004',1)
2411201512111414 => Success: [PH00004] successfully uploaded by [Gunasilan - System Profile Id (00001)]
INSERT INTO next_main_phase_table(phaseid,seasonid,categoryid,description,Brieffilename,Uploadedby)
						VALUES 
						('PH00004','1','4','gggg','CORE_Role Mapping_Wave2_test2.xlsx',1)
2411201512111414 => Success: [CORE_Role Mapping_Wave2_test2.xlsx] brief successfully uploaded to system by [Gunasilan - System Profile Id (00001)]
2411201512112424 => Success: [PH00005] successfully created by [Gunasilan - System Profile Id (00001)]
INSERT INTO next_id_generator_table(Description,SystemId,CreatedBy) VALUES ('Phase','PH00005',1)
2411201512112424 => Success: [PH00005] successfully uploaded by [Gunasilan - System Profile Id (00001)]
INSERT INTO next_main_phase_table(phaseid,seasonid,categoryid,description,Brieffilename,Uploadedby)
						VALUES 
						('PH00005','2','7','upload excal and rename','CORE_Role Mapping_Wave2_test2.xlsx',1)
2411201512112424 => Success: [CORE_Role Mapping_Wave2_test2.xlsx] brief successfully uploaded to system by [Gunasilan - System Profile Id (00001)]
24112015121141000000 => Success: [PH00006] successfully created by [Gunasilan - System Profile Id (00001)]
INSERT INTO next_id_generator_table(Description,SystemId,CreatedBy) VALUES ('Phase','PH00006',1)
24112015121141000000 => Success: [PH00006] successfully uploaded by [Gunasilan - System Profile Id (00001)]
INSERT INTO next_main_phase_table(phaseid,seasonid,categoryid,description,Brieffilename,Uploadedby)
						VALUES 
						('PH00006','2','7','ffff','CORE_Role Mapping_Wave2_test2.xlsx',1)
24112015121141000000 => Success: [CORE_Role Mapping_Wave2_test2.xlsx] brief successfully uploaded to system by [Gunasilan - System Profile Id (00001)]
24112015121138 => Success: [PH00007] successfully created by [Gunasilan - System Profile Id (00001)]
INSERT INTO next_id_generator_table(Description,SystemId,CreatedBy) VALUES ('Phase','PH00007',1)
24112015121138 => Success: [PH00007] successfully uploaded by [Gunasilan - System Profile Id (00001)]
INSERT INTO next_main_phase_table(phaseid,seasonid,categoryid,description,Brieffilename,Uploadedby,NewbriefName)
						VALUES 
						('PH00007','24','22','Check rename','CORE_Role Mapping_Wave2_test2.xlsx',1,'PH00007xlsx')
24112015121138 => Success: [CORE_Role Mapping_Wave2_test2.xlsx] brief successfully uploaded to system by [Gunasilan - System Profile Id (00001)]
24112015121153 => Success: [PH00008] successfully created by [Gunasilan - System Profile Id (00001)]
INSERT INTO next_id_generator_table(Description,SystemId,CreatedBy) VALUES ('Phase','PH00008',1)
24112015121153 => Success: [PH00008] successfully uploaded by [Gunasilan - System Profile Id (00001)]
INSERT INTO next_main_phase_table(phaseid,seasonid,categoryid,description,Brieffilename,Uploadedby,NewbriefName)
						VALUES 
						('PH00008','24','7','check xls','Copy of Schawk Briefing Form Meal Sensations 2015.xls',1,'PH00008.xls')
24112015121153 => Success: [Copy of Schawk Briefing Form Meal Sensations 2015.xls] brief successfully uploaded to system by [Gunasilan - System Profile Id (00001)]
25112015101156 => Success: [PH00009] successfully rename the brief old name [CORE_Role Mapping_Wave2_test2.xlsx] new name [PH00009.xlsx] by [Gunasilan - System Profile Id (00001)]
25112015101156 => Success: [PH00009] successfully created by [Gunasilan - System Profile Id (00001)]
INSERT INTO next_id_generator_table(Description,SystemId,CreatedBy) VALUES ('Phase','PH00009',1)
25112015101156 => Success: [PH00009] successfully uploaded by [Gunasilan - System Profile Id (00001)]
INSERT INTO next_main_phase_table(phaseid,seasonid,categoryid,description,Brieffilename,Uploadedby,NewbriefName)
						VALUES 
						('PH00009','2','5','gg','CORE_Role Mapping_Wave2_test2.xlsx',1,'PH00009.xlsx')
25112015101156 => Success: [CORE_Role Mapping_Wave2_test2.xlsx] brief successfully uploaded to system by [Gunasilan - System Profile Id (00001)]
25112015111107 => Success: [PH00010] successfully rename the brief old name [CORE_Role Mapping_Wave2_test2.xlsx] new name [PH00010.xlsx] by [Gunasilan - System Profile Id (00001)]
25112015111107 => Success: [PH00010] successfully created by [Gunasilan - System Profile Id (00001)]
INSERT INTO next_id_generator_table(Description,SystemId,CreatedBy) VALUES ('Phase','PH00010',1)
25112015111107 => Success: [PH00010] successfully uploaded by [Gunasilan - System Profile Id (00001)]
INSERT INTO next_main_phase_table(phaseid,seasonid,categoryid,description,Brieffilename,Uploadedby,NewbriefName)
						VALUES 
						('PH00010','3','4','ff','CORE_Role Mapping_Wave2_test2.xlsx',1,'PH00010.xlsx')
25112015111107 => Success: [CORE_Role Mapping_Wave2_test2.xlsx] brief successfully uploaded to system by [Gunasilan - System Profile Id (00001)]
25112015111118 => Success: [PH00011] successfully rename the brief old name [Automated Data Feed All Areas 290915.xlsx] new name [PH00011.xlsx] by [Gunasilan - System Profile Id (00001)]
25112015111118 => Success: [PH00011] successfully created by [Gunasilan - System Profile Id (00001)]
INSERT INTO next_id_generator_table(Description,SystemId,CreatedBy) VALUES ('Phase','PH00011',1)
25112015111118 => Success: [PH00011] successfully uploaded by [Gunasilan - System Profile Id (00001)]
INSERT INTO next_main_phase_table(phaseid,seasonid,categoryid,description,Brieffilename,Uploadedby,NewbriefName)
						VALUES 
						('PH00011','24','7','gg','Automated Data Feed All Areas 290915.xlsx',1,'PH00011.xlsx')
25112015111118 => Success: [Automated Data Feed All Areas 290915.xlsx] brief successfully uploaded to system by [Gunasilan - System Profile Id (00001)]
25112015111131 => Success: [PH00012] successfully rename the brief old name [Automated Data Feed All Areas 290915.xlsx] new name [PH00012.xlsx] by [Gunasilan - System Profile Id (00001)]
25112015111130 => Success: [PH00012] successfully rename the brief old name [Automated Data Feed All Areas 290915.xlsx] new name [PH00012.xlsx] by [Gunasilan - System Profile Id (00001)]
25112015111144 => Success: [PH00012] successfully rename the brief old name [Automated Data Feed All Areas 290915.xlsx] new name [PH00012.xlsx] by [Gunasilan - System Profile Id (00001)]
25112015111137 => Success: [PH00012] successfully rename the brief old name [testnext.xlsx] new name [PH00012.xlsx] by [Gunasilan - System Profile Id (00001)]
25112015111137 => Success: [PH00012] successfully created by [Gunasilan - System Profile Id (00001)]
INSERT INTO next_id_generator_table(Description,SystemId,CreatedBy) VALUES ('Phase','PH00012',1)
25112015111137 => Success: [PH00012] successfully uploaded by [Gunasilan - System Profile Id (00001)]
INSERT INTO next_main_phase_table(phaseid,seasonid,categoryid,description,Brieffilename,Uploadedby,NewbriefName)
						VALUES 
						('PH00012','24','7','www','testnext.xlsx',1,'PH00012.xlsx')
25112015111158 => Success: [PH00013] successfully rename the brief old name [testnext.xlsx] new name [PH00013.xlsx] by [Gunasilan - System Profile Id (00001)]
25112015111158 => Success: [PH00013] successfully created by [Gunasilan - System Profile Id (00001)]
INSERT INTO next_id_generator_table(Description,SystemId,CreatedBy) VALUES ('Phase','PH00013',1)
25112015111158 => Success: [PH00013] successfully uploaded by [Gunasilan - System Profile Id (00001)]
INSERT INTO next_main_phase_table(phaseid,seasonid,categoryid,description,Brieffilename,Uploadedby,NewbriefName)
						VALUES 
						('PH00013','1','7','sss','testnext.xlsx',1,'PH00013.xlsx')
25112015111154 => Success: [PH00014] successfully rename the brief old name [testnext.xlsx] new name [PH00014.xlsx] by [Gunasilan - System Profile Id (00001)]
25112015111154 => Success: [PH00014] successfully created by [Gunasilan - System Profile Id (00001)]
INSERT INTO next_id_generator_table(Description,SystemId,CreatedBy) VALUES ('Phase','PH00014',1)
25112015111154 => Success: [PH00014] successfully uploaded by [Gunasilan - System Profile Id (00001)]
INSERT INTO next_main_phase_table(phaseid,seasonid,categoryid,description,Brieffilename,Uploadedby,NewbriefName)
						VALUES 
						('PH00014','2','5','fff','testnext.xlsx',1,'PH00014.xlsx')
25112015111154 => Success: [testnext.xlsx] brief successfully uploaded to system by [Gunasilan - System Profile Id (00001)]
25112015111145 => Success: [PH00015] successfully rename the brief old name [testnext.xlsx] new name [PH00015.xlsx] by [Gunasilan - System Profile Id (00001)]
25112015111145 => Success: [PH00015] successfully created by [Gunasilan - System Profile Id (00001)]
INSERT INTO next_id_generator_table(Description,SystemId,CreatedBy) VALUES ('Phase','PH00015',1)
25112015111145 => Success: [PH00015] successfully uploaded by [Gunasilan - System Profile Id (00001)]
INSERT INTO next_main_phase_table(phaseid,seasonid,categoryid,description,Brieffilename,Uploadedby,NewbriefName)
						VALUES 
						('PH00015','3','7','nnn','testnext.xlsx',1,'PH00015.xlsx')
25112015111145 => Success: [testnext.xlsx] brief successfully uploaded to system by [Gunasilan - System Profile Id (00001)]
25112015111104 => Success: [PH00016] successfully rename the brief old name [testnext.xlsx] new name [PH00016.xlsx] by [Gunasilan - System Profile Id (00001)]
25112015111104 => Success: [PH00016] successfully created by [Gunasilan - System Profile Id (00001)]
INSERT INTO next_id_generator_table(Description,SystemId,CreatedBy) VALUES ('Phase','PH00016',1)
25112015111104 => Success: [PH00016] successfully uploaded by [Gunasilan - System Profile Id (00001)]
INSERT INTO next_main_phase_table(phaseid,seasonid,categoryid,description,Brieffilename,Uploadedby,NewbriefName)
						VALUES 
						('PH00016','8','6','bbb','testnext.xlsx',1,'PH00016.xlsx')
25112015111104 => Success: [testnext.xlsx] brief successfully uploaded to system by [Gunasilan - System Profile Id (00001)]
25112015121150 => Success: [PH00017] successfully rename the brief old name [testnext.xlsx] new name [PH00017.xlsx] by [Gunasilan - System Profile Id (00001)]
25112015121150 => Success: [PH00017] successfully created by [Gunasilan - System Profile Id (00001)]
INSERT INTO next_id_generator_table(Description,SystemId,CreatedBy) VALUES ('Phase','PH00017',1)
25112015121150 => Success: [PH00017] successfully uploaded by [Gunasilan - System Profile Id (00001)]
INSERT INTO next_main_phase_table(phaseid,seasonid,categoryid,description,Brieffilename,Uploadedby,NewbriefName)
						VALUES 
						('PH00017','8','6','gg','testnext.xlsx',1,'PH00017.xlsx')
25112015121150 => Success: [testnext.xlsx] brief successfully uploaded to system by [Gunasilan - System Profile Id (00001)]
25112015121140 => Success: [PH00018] successfully rename the brief old name [testnext.xlsx] new name [PH00018.xlsx] by [Gunasilan - System Profile Id (00001)]
25112015121140 => Success: [PH00018] successfully rename the brief old name [testnext.xlsx] new name [PH00018.xlsx] by [Gunasilan - System Profile Id (00001)]
25112015121133 => Success: [PH00018] successfully rename the brief old name [testnext.xlsx] new name [PH00018.xlsx] by [Gunasilan - System Profile Id (00001)]
25112015011113 => Success: [PH00018] successfully rename the brief old name [testnext.xlsx] new name [PH00018.xlsx] by [Gunasilan - System Profile Id (00001)]
25112015031101 => Success: [PH00018] successfully rename the brief old name [testnext.xlsx] new name [PH00018.xlsx] by [Gunasilan - System Profile Id (00001)]
25112015031101 => Success: [PH00018] successfully created by [Gunasilan - System Profile Id (00001)]
INSERT INTO next_id_generator_table(Description,SystemId,CreatedBy) VALUES ('Phase','PH00018',1)
25112015031101 => Success: [PH00018] successfully uploaded by [Gunasilan - System Profile Id (00001)]
INSERT INTO next_main_phase_table(phaseid,seasonid,categoryid,description,Brieffilename,Uploadedby,NewbriefName)
						VALUES 
						('PH00018','24','22','ddd','testnext.xlsx',1,'PH00018.xlsx')
25112015031132 => Success: [PH00019] successfully rename the brief old name [testnext.xlsx] new name [PH00019.xlsx] by [Gunasilan - System Profile Id (00001)]
25112015031132 => Success: [PH00019] successfully created by [Gunasilan - System Profile Id (00001)]
INSERT INTO next_id_generator_table(Description,SystemId,CreatedBy) VALUES ('Phase','PH00019',1)
25112015031132 => Success: [PH00019] successfully uploaded by [Gunasilan - System Profile Id (00001)]
INSERT INTO next_main_phase_table(phaseid,seasonid,categoryid,description,Brieffilename,Uploadedby,NewbriefName)
						VALUES 
						('PH00019','24','22','vvv','testnext.xlsx',1,'PH00019.xlsx')
25112015031121 => Success: [PH00020] successfully rename the brief old name [testnext.xlsx] new name [PH00020.xlsx] by [Gunasilan - System Profile Id (00001)]
25112015031121 => Success: [PH00020] successfully created by [Gunasilan - System Profile Id (00001)]
INSERT INTO next_id_generator_table(Description,SystemId,CreatedBy) VALUES ('Phase','PH00020',1)
25112015031121 => Success: [PH00020] successfully uploaded by [Gunasilan - System Profile Id (00001)]
INSERT INTO next_main_phase_table(phaseid,seasonid,categoryid,description,Brieffilename,Uploadedby,NewbriefName)
						VALUES 
						('PH00020','24','7','nnn','testnext.xlsx',1,'PH00020.xlsx')
25112015031121 => Success: [testnext.xlsx] brief successfully uploaded to system by [Gunasilan - System Profile Id (00001)]
25112015031132 => Success: [PH00021] successfully rename the brief old name [testnext.xlsx] new name [PH00021.xlsx] by [Gunasilan - System Profile Id (00001)]
25112015031132 => Success: [PH00021] successfully created by [Gunasilan - System Profile Id (00001)]
INSERT INTO next_id_generator_table(Description,SystemId,CreatedBy) VALUES ('Phase','PH00021',1)
25112015031132 => Success: [PH00021] successfully uploaded by [Gunasilan - System Profile Id (00001)]
INSERT INTO next_main_phase_table(phaseid,seasonid,categoryid,description,Brieffilename,Uploadedby,NewbriefName)
						VALUES 
						('PH00021','8','22','ggg','testnext.xlsx',1,'PH00021.xlsx')
25112015031132 => Success: [testnext.xlsx] brief successfully uploaded to system by [Gunasilan - System Profile Id (00001)]
25112015041105 => Success: [PH00022] successfully rename the brief old name [Automated Data Feed All Areas 290915.xlsx] new name [PH00022.xlsx] by [Gunasilan - System Profile Id (00001)]
25112015041104 => Success: [PH00022] successfully rename the brief old name [testnext.xlsx] new name [PH00022.xlsx] by [Gunasilan - System Profile Id (00001)]
25112015041104 => Success: [PH00022] successfully created by [Gunasilan - System Profile Id (00001)]
INSERT INTO next_id_generator_table(Description,SystemId,CreatedBy) VALUES ('Phase','PH00022',1)
25112015041104 => Success: [PH00022] successfully uploaded by [Gunasilan - System Profile Id (00001)]
INSERT INTO next_main_phase_table(phaseid,seasonid,categoryid,description,Brieffilename,Uploadedby,NewbriefName)
						VALUES 
						('PH00022','2','5','gg','testnext.xlsx',1,'PH00022.xlsx')
25112015041104 => Success: [testnext.xlsx] brief successfully uploaded to system by [Gunasilan - System Profile Id (00001)]
25112015041150 => Success: [PH00023] successfully rename the brief old name [testnext.xlsx] new name [PH00023.xlsx] by [Gunasilan - System Profile Id (00001)]
25112015041103 => Success: [PH00023] successfully rename the brief old name [testnext.xlsx] new name [PH00023.xlsx] by [Gunasilan - System Profile Id (00001)]
 => Error: [3] Error uploaded by [ - System Profile Id ()]
 => Error: [4] Error uploaded by [ - System Profile Id ()]
 => Error: [5] Error uploaded by [ - System Profile Id ()]
 => Error: [6] Error uploaded by [ - System Profile Id ()]
 => Error: [7] Error uploaded by [ - System Profile Id ()]
 => Error: [8] Error uploaded by [ - System Profile Id ()]
 => Error: [9] Error uploaded by [ - System Profile Id ()]
 => Error: [10] Error uploaded by [ - System Profile Id ()]
 => Error: [11] Error uploaded by [ - System Profile Id ()]
 => Error: [12] Error uploaded by [ - System Profile Id ()]
 => Error: [13] Error uploaded by [ - System Profile Id ()]
 => Error: [14] Error uploaded by [ - System Profile Id ()]
 => Error: [15] Error uploaded by [ - System Profile Id ()]
 => Error: [16] Error uploaded by [ - System Profile Id ()]
 => Error: [17] Error uploaded by [ - System Profile Id ()]
 => Error: [18] Error uploaded by [ - System Profile Id ()]
 => Error: [19] Error uploaded by [ - System Profile Id ()]
 => Error: [20] Error uploaded by [ - System Profile Id ()]
 => Error: [21] Error uploaded by [ - System Profile Id ()]
 => Error: [22] Error uploaded by [ - System Profile Id ()]
 => Error: [23] Error uploaded by [ - System Profile Id ()]
 => Error: [24] Error uploaded by [ - System Profile Id ()]
25112015041103 => Success: [PH00023] successfully created by [Gunasilan - System Profile Id (00001)]
INSERT INTO next_id_generator_table(Description,SystemId,CreatedBy) VALUES ('Phase','PH00023',1)
25112015041103 => Success: [PH00023] successfully uploaded by [Gunasilan - System Profile Id (00001)]
INSERT INTO next_main_phase_table(phaseid,seasonid,categoryid,description,Brieffilename,Uploadedby,NewbriefName)
						VALUES 
						('PH00023','2','5','eee','testnext.xlsx',1,'PH00023.xlsx')
25112015041105 => Success: [PH00024] successfully rename the brief old name [testnext.xlsx] new name [PH00024.xlsx] by [Gunasilan - System Profile Id (00001)]
25112015041105 => Error: [3] Error uploaded by [Gunasilan - System Profile Id (00001)]
25112015041105 => Error: [4] Error uploaded by [Gunasilan - System Profile Id (00001)]
25112015041105 => Error: [5] Error uploaded by [Gunasilan - System Profile Id (00001)]
25112015041105 => Error: [6] Error uploaded by [Gunasilan - System Profile Id (00001)]
25112015041105 => Error: [7] Error uploaded by [Gunasilan - System Profile Id (00001)]
25112015041105 => Error: [8] Error uploaded by [Gunasilan - System Profile Id (00001)]
25112015041105 => Error: [9] Error uploaded by [Gunasilan - System Profile Id (00001)]
25112015041105 => Error: [10] Error uploaded by [Gunasilan - System Profile Id (00001)]
25112015041105 => Error: [11] Error uploaded by [Gunasilan - System Profile Id (00001)]
25112015041105 => Error: [12] Error uploaded by [Gunasilan - System Profile Id (00001)]
25112015041105 => Error: [13] Error uploaded by [Gunasilan - System Profile Id (00001)]
25112015041105 => Error: [14] Error uploaded by [Gunasilan - System Profile Id (00001)]
25112015041105 => Error: [15] Error uploaded by [Gunasilan - System Profile Id (00001)]
25112015041105 => Error: [16] Error uploaded by [Gunasilan - System Profile Id (00001)]
25112015041105 => Error: [17] Error uploaded by [Gunasilan - System Profile Id (00001)]
25112015041105 => Error: [18] Error uploaded by [Gunasilan - System Profile Id (00001)]
25112015041105 => Error: [19] Error uploaded by [Gunasilan - System Profile Id (00001)]
25112015041105 => Error: [20] Error uploaded by [Gunasilan - System Profile Id (00001)]
25112015041105 => Error: [21] Error uploaded by [Gunasilan - System Profile Id (00001)]
25112015041105 => Error: [22] Error uploaded by [Gunasilan - System Profile Id (00001)]
25112015041105 => Error: [23] Error uploaded by [Gunasilan - System Profile Id (00001)]
25112015041105 => Error: [24] Error uploaded by [Gunasilan - System Profile Id (00001)]
25112015041105 => Success: [PH00024] successfully created by [Gunasilan - System Profile Id (00001)]
INSERT INTO next_id_generator_table(Description,SystemId,CreatedBy) VALUES ('Phase','PH00024',1)
25112015041105 => Success: [PH00024] successfully uploaded by [Gunasilan - System Profile Id (00001)]
INSERT INTO next_main_phase_table(phaseid,seasonid,categoryid,description,Brieffilename,Uploadedby,NewbriefName)
						VALUES 
						('PH00024','24','6','vvvv','testnext.xlsx',1,'PH00024.xlsx')
25112015041105 => Success: [testnext.xlsx] brief successfully uploaded to system by [Gunasilan - System Profile Id (00001)]
25112015041133 => Success: [PH00025] successfully rename the brief old name [testnext.xlsx] new name [PH00025.xlsx] by [Gunasilan - System Profile Id (00001)]
25112015041133 => Success: [PH00025] successfully created by [Gunasilan - System Profile Id (00001)]
INSERT INTO next_id_generator_table(Description,SystemId,CreatedBy) VALUES ('Phase','PH00025',1)
25112015041133 => Success: [PH00025] successfully uploaded by [Gunasilan - System Profile Id (00001)]
INSERT INTO next_main_phase_table(phaseid,seasonid,categoryid,description,Brieffilename,Uploadedby,NewbriefName)
						VALUES 
						('PH00025','8','7','fff','testnext.xlsx',1,'PH00025.xlsx')
25112015041133 => Success: [testnext.xlsx] brief successfully uploaded to system by [Gunasilan - System Profile Id (00001)]
25112015041137 => Success: [PH00026] successfully rename the brief old name [testnext.xlsx] new name [PH00026.xlsx] by [Gunasilan - System Profile Id (00001)]
25112015041137 => Success: [PH00026] successfully created by [Gunasilan - System Profile Id (00001)]
INSERT INTO next_id_generator_table(Description,SystemId,CreatedBy) VALUES ('Phase','PH00026',1)
25112015041137 => Success: [PH00026] successfully uploaded by [Gunasilan - System Profile Id (00001)]
INSERT INTO next_main_phase_table(phaseid,seasonid,categoryid,description,Brieffilename,Uploadedby,NewbriefName)
						VALUES 
						('PH00026','2','5','1111','testnext.xlsx',1,'PH00026.xlsx')
25112015041137 => Success: [testnext.xlsx] brief successfully uploaded to system by [Gunasilan - System Profile Id (00001)]
25112015041150 => Success: [PH00027] successfully rename the brief old name [testnext.xlsx] new name [PH00027.xlsx] by [Gunasilan - System Profile Id (00001)]
25112015041150 => Success: [PH00027] successfully created by [Gunasilan - System Profile Id (00001)]
INSERT INTO next_id_generator_table(Description,SystemId,CreatedBy) VALUES ('Phase','PH00027',1)
25112015041150 => Success: [PH00027] successfully uploaded by [Gunasilan - System Profile Id (00001)]
INSERT INTO next_main_phase_table(phaseid,seasonid,categoryid,description,Brieffilename,Uploadedby,NewbriefName)
						VALUES 
						('PH00027','24','6','3333333333333','testnext.xlsx',1,'PH00027.xlsx')
25112015041150 => Success: [testnext.xlsx] brief successfully uploaded to system by [Gunasilan - System Profile Id (00001)]
25112015041157 => Success: [PH00028] successfully rename the brief old name [testnext.xlsx] new name [PH00028.xlsx] by [Gunasilan - System Profile Id (00001)]
25112015041157 => Success: [PH00028] successfully created by [Gunasilan - System Profile Id (00001)]
INSERT INTO next_id_generator_table(Description,SystemId,CreatedBy) VALUES ('Phase','PH00028',1)
25112015041157 => Success: [PH00028] successfully uploaded by [Gunasilan - System Profile Id (00001)]
INSERT INTO next_main_phase_table(phaseid,seasonid,categoryid,description,Brieffilename,Uploadedby,NewbriefName)
						VALUES 
						('PH00028','24','4','5555555','testnext.xlsx',1,'PH00028.xlsx')
25112015041157 => Success: [testnext.xlsx] brief successfully uploaded to system by [Gunasilan - System Profile Id (00001)]
25112015041147 => Success: [PH00029] successfully rename the brief old name [testnext.xlsx] new name [PH00029.xlsx] by [Gunasilan - System Profile Id (00001)]
25112015041147 => Success: [PH00029] successfully created by [Gunasilan - System Profile Id (00001)]
INSERT INTO next_id_generator_table(Description,SystemId,CreatedBy) VALUES ('Phase','PH00029',1)
25112015041147 => Success: [PH00029] successfully uploaded by [Gunasilan - System Profile Id (00001)]
INSERT INTO next_main_phase_table(phaseid,seasonid,categoryid,description,Brieffilename,Uploadedby,NewbriefName)
						VALUES 
						('PH00029','8','4','ffff','testnext.xlsx',1,'PH00029.xlsx')
25112015041147 => Success: [testnext.xlsx] brief successfully uploaded to system by [Gunasilan - System Profile Id (00001)]
25112015041142 => Success: [PH00030] successfully rename the brief old name [testnext.xlsx] new name [PH00030.xlsx] by [Gunasilan - System Profile Id (00001)]
25112015041142 => Success: [PH00030] successfully created by [Gunasilan - System Profile Id (00001)]
INSERT INTO next_id_generator_table(Description,SystemId,CreatedBy) VALUES ('Phase','PH00030',1)
25112015041142 => Success: [PH00030] successfully uploaded by [Gunasilan - System Profile Id (00001)]
INSERT INTO next_main_phase_table(phaseid,seasonid,categoryid,description,Brieffilename,Uploadedby,NewbriefName)
						VALUES 
						('PH00030','3','5','7777777777','testnext.xlsx',1,'PH00030.xlsx')
25112015041142 => Success: [testnext.xlsx] brief successfully uploaded to system by [Gunasilan - System Profile Id (00001)]
25112015041122 => Success: [PH00031] successfully rename the brief old name [testnext.xlsx] new name [PH00031.xlsx] by [Gunasilan - System Profile Id (00001)]
25112015041122 => Success: [PH00031] successfully created by [Gunasilan - System Profile Id (00001)]
INSERT INTO next_id_generator_table(Description,SystemId,CreatedBy) VALUES ('Phase','PH00031',1)
25112015041122 => Success: [PH00031] successfully uploaded by [Gunasilan - System Profile Id (00001)]
INSERT INTO next_main_phase_table(phaseid,seasonid,categoryid,description,Brieffilename,Uploadedby,NewbriefName)
						VALUES 
						('PH00031','24','5','7777777777','testnext.xlsx',1,'PH00031.xlsx')
25112015041122 => Success: [testnext.xlsx] brief successfully uploaded to system by [Gunasilan - System Profile Id (00001)]
25112015041154 => Success: [PH00032] successfully rename the brief old name [Automated Data Feed All Areas 290915.xlsx] new name [PH00032.xlsx] by [Gunasilan - System Profile Id (00001)]
25112015051142 => Success: [PH00032] successfully rename the brief old name [testnext2.xlsx] new name [PH00032.xlsx] by [Gunasilan - System Profile Id (00001)]
25112015051109 => Success: [PH00032] successfully rename the brief old name [testnext2.xlsx] new name [PH00032.xlsx] by [Gunasilan - System Profile Id (00001)]
25112015051108 => Success: [PH00032] successfully rename the brief old name [testnext2.xlsx] new name [PH00032.xlsx] by [Gunasilan - System Profile Id (00001)]
25112015051155 => Success: [PH00032] successfully rename the brief old name [testnext2.xlsx] new name [PH00032.xlsx] by [Gunasilan - System Profile Id (00001)]
25112015051154 => Success: [PH00032] successfully rename the brief old name [testnext2.xlsx] new name [PH00032.xlsx] by [Gunasilan - System Profile Id (00001)]
25112015051154 => Success: [PH00032] successfully created by [Gunasilan - System Profile Id (00001)]
INSERT INTO next_id_generator_table(Description,SystemId,CreatedBy) VALUES ('Phase','PH00032',1)
25112015051154 => Success: [PH00032] successfully uploaded by [Gunasilan - System Profile Id (00001)]
INSERT INTO next_main_phase_table(phaseid,seasonid,categoryid,description,Brieffilename,Uploadedby,NewbriefName)
						VALUES 
						('PH00032','3','6','10k','testnext2.xlsx',1,'PH00032.xlsx')
25112015051154 => Success: [testnext2.xlsx] brief successfully uploaded to system by [Gunasilan - System Profile Id (00001)]
25112015051108 => Success: [PH00033] successfully rename the brief old name [testnext2.xlsx] new name [PH00033.xlsx] by [Gunasilan - System Profile Id (00001)]
25112015051108 => Success: [PH00033] successfully created by [Gunasilan - System Profile Id (00001)]
INSERT INTO next_id_generator_table(Description,SystemId,CreatedBy) VALUES ('Phase','PH00033',1)
25112015051108 => Success: [PH00033] successfully uploaded by [Gunasilan - System Profile Id (00001)]
INSERT INTO next_main_phase_table(phaseid,seasonid,categoryid,description,Brieffilename,Uploadedby,NewbriefName)
						VALUES 
						('PH00033','2','4','10k2','testnext2.xlsx',1,'PH00033.xlsx')
25112015051108 => Success: [testnext2.xlsx] brief successfully uploaded to system by [Gunasilan - System Profile Id (00001)]
25112015051121 => Success: [PH00034] successfully rename the brief old name [testnext2.xlsx] new name [PH00034.xlsx] by [Gunasilan - System Profile Id (00001)]
25112015051144 => Success: [PH00034] successfully rename the brief old name [testnext2.xlsx] new name [PH00034.xlsx] by [Gunasilan - System Profile Id (00001)]
25112015051144 => Success: [PH00034] successfully created by [Gunasilan - System Profile Id (00001)]
INSERT INTO next_id_generator_table(Description,SystemId,CreatedBy) VALUES ('Phase','PH00034',1)
25112015051144 => Success: [PH00034] successfully uploaded by [Gunasilan - System Profile Id (00001)]
INSERT INTO next_main_phase_table(phaseid,seasonid,categoryid,description,Brieffilename,Uploadedby,NewbriefName)
						VALUES 
						('PH00034','1','5','15k','testnext2.xlsx',1,'PH00034.xlsx')
25112015051144 => Success: [testnext2.xlsx] brief successfully uploaded to system by [Gunasilan - System Profile Id (00001)]
25112015051134 => Success: [PH00035] successfully rename the brief old name [testnext2.xlsx] new name [PH00035.xlsx] by [Gunasilan - System Profile Id (00001)]
25112015051134 => Success: [PH00035] successfully created by [Gunasilan - System Profile Id (00001)]
INSERT INTO next_id_generator_table(Description,SystemId,CreatedBy) VALUES ('Phase','PH00035',1)
25112015051134 => Success: [PH00035] successfully uploaded by [Gunasilan - System Profile Id (00001)]
INSERT INTO next_main_phase_table(phaseid,seasonid,categoryid,description,Brieffilename,Uploadedby,NewbriefName)
						VALUES 
						('PH00035','24','4','rrrr','testnext2.xlsx',1,'PH00035.xlsx')
25112015051134 => Success: [testnext2.xlsx] brief successfully uploaded to system by [Gunasilan - System Profile Id (00001)]
25112015051153 => Success: [PH00036] successfully rename the brief old name [testnext2.xlsx] new name [PH00036.xlsx] by [Gunasilan - System Profile Id (00001)]
25112015051153 => Success: [PH00036] successfully created by [Gunasilan - System Profile Id (00001)]
INSERT INTO next_id_generator_table(Description,SystemId,CreatedBy) VALUES ('Phase','PH00036',1)
25112015051153 => Success: [PH00036] successfully uploaded by [Gunasilan - System Profile Id (00001)]
INSERT INTO next_main_phase_table(phaseid,seasonid,categoryid,description,Brieffilename,Uploadedby,NewbriefName)
						VALUES 
						('PH00036','1','4','tezt','testnext2.xlsx',1,'PH00036.xlsx')
25112015051153 => Success: [testnext2.xlsx] brief successfully uploaded to system by [Gunasilan - System Profile Id (00001)]
25112015051109 => Success: [PH00037] successfully rename the brief old name [testnext2.xlsx] new name [PH00037.xlsx] by [Gunasilan - System Profile Id (00001)]
25112015051109 => Success: [PH00037] successfully created by [Gunasilan - System Profile Id (00001)]
INSERT INTO next_id_generator_table(Description,SystemId,CreatedBy) VALUES ('Phase','PH00037',1)
25112015051109 => Success: [PH00037] successfully uploaded by [Gunasilan - System Profile Id (00001)]
INSERT INTO next_main_phase_table(phaseid,seasonid,categoryid,description,Brieffilename,Uploadedby,NewbriefName)
						VALUES 
						('PH00037','1','4','tt','testnext2.xlsx',1,'PH00037.xlsx')
25112015051109 => Success: [testnext2.xlsx] brief successfully uploaded to system by [Gunasilan - System Profile Id (00001)]
26112015041122 => Success: [PH00038] successfully rename the brief old name [testnext.xlsx] new name [PH00038.xlsx] by [Gunasilan - System Profile Id (00001)]
26112015041122 => Success: [PH00038] successfully created by [Gunasilan - System Profile Id (00001)]
INSERT INTO next_id_generator_table(Description,SystemId,CreatedBy) VALUES ('Phase','PH00038',1)
26112015041122 => Success: [PH00038] successfully uploaded by [Gunasilan - System Profile Id (00001)]
INSERT INTO next_main_phase_table(phaseid,seasonid,categoryid,description,Brieffilename,Uploadedby,NewbriefName)
						VALUES 
						('PH00038','1','7','test loadd','testnext.xlsx',1,'PH00038.xlsx')
26112015041122 => Success: [testnext.xlsx] brief successfully uploaded to system by [Gunasilan - System Profile Id (00001)]
26112015041141 => Success: [PH00039] successfully rename the brief old name [testnext2.xlsx] new name [PH00039.xlsx] by [Gunasilan - System Profile Id (00001)]
26112015041141 => Success: [PH00039] successfully created by [Gunasilan - System Profile Id (00001)]
INSERT INTO next_id_generator_table(Description,SystemId,CreatedBy) VALUES ('Phase','PH00039',1)
26112015041141 => Success: [PH00039] successfully uploaded by [Gunasilan - System Profile Id (00001)]
INSERT INTO next_main_phase_table(phaseid,seasonid,categoryid,description,Brieffilename,Uploadedby,NewbriefName)
						VALUES 
						('PH00039','3','6','bb','testnext2.xlsx',1,'PH00039.xlsx')
26112015041141 => Success: [testnext2.xlsx] brief successfully uploaded to system by [Gunasilan - System Profile Id (00001)]
26112015041102 => Success: [PH00040] successfully rename the brief old name [testnext2.xlsx] new name [PH00040.xlsx] by [Gunasilan - System Profile Id (00001)]
26112015041102 => Success: [PH00040] successfully created by [Gunasilan - System Profile Id (00001)]
INSERT INTO next_id_generator_table(Description,SystemId,CreatedBy) VALUES ('Phase','PH00040',1)
26112015041102 => Success: [PH00040] successfully uploaded by [Gunasilan - System Profile Id (00001)]
INSERT INTO next_main_phase_table(phaseid,seasonid,categoryid,description,Brieffilename,Uploadedby,NewbriefName)
						VALUES 
						('PH00040','24','5','ttt','testnext2.xlsx',1,'PH00040.xlsx')
26112015041102 => Success: [testnext2.xlsx] brief successfully uploaded to system by [Gunasilan - System Profile Id (00001)]
26112015051101 => Success: [PH00041] successfully rename the brief old name [testnext2.xlsx] new name [PH00041.xlsx] by [Gunasilan - System Profile Id (00001)]
26112015051101 => Success: [PH00041] successfully created by [Gunasilan - System Profile Id (00001)]
INSERT INTO next_id_generator_table(Description,SystemId,CreatedBy) VALUES ('Phase','PH00041',1)
26112015051101 => Success: [PH00041] successfully uploaded by [Gunasilan - System Profile Id (00001)]
INSERT INTO next_main_phase_table(phaseid,seasonid,categoryid,description,Brieffilename,Uploadedby,NewbriefName)
						VALUES 
						('PH00041','1','5','load2','testnext2.xlsx',1,'PH00041.xlsx')
26112015051101 => Success: [testnext2.xlsx] brief successfully uploaded to system by [Gunasilan - System Profile Id (00001)]
26112015051147 => Success: [PH00042] successfully rename the brief old name [testnext2.xlsx] new name [PH00042.xlsx] by [Gunasilan - System Profile Id (00001)]
26112015051147 => Success: [PH00042] successfully created by [Gunasilan - System Profile Id (00001)]
INSERT INTO next_id_generator_table(Description,SystemId,CreatedBy) VALUES ('Phase','PH00042',1)
26112015051147 => Success: [PH00042] successfully uploaded by [Gunasilan - System Profile Id (00001)]
INSERT INTO next_main_phase_table(phaseid,seasonid,categoryid,description,Brieffilename,Uploadedby,NewbriefName)
						VALUES 
						('PH00042','24','7','cccc','testnext2.xlsx',1,'PH00042.xlsx')
26112015051147 => Success: [testnext2.xlsx] brief successfully uploaded to system by [Gunasilan - System Profile Id (00001)]
26112015051122 => Success: [PH00043] successfully rename the brief old name [testnext.xlsx] new name [PH00043.xlsx] by [Gunasilan - System Profile Id (00001)]
26112015051122 => Success: [PH00043] successfully created by [Gunasilan - System Profile Id (00001)]
INSERT INTO next_id_generator_table(Description,SystemId,CreatedBy) VALUES ('Phase','PH00043',1)
26112015051122 => Success: [PH00043] successfully uploaded by [Gunasilan - System Profile Id (00001)]
INSERT INTO next_main_phase_table(phaseid,seasonid,categoryid,description,Brieffilename,Uploadedby,NewbriefName)
						VALUES 
						('PH00043','2','22','rd','testnext.xlsx',1,'PH00043.xlsx')
26112015051122 => Success: [testnext.xlsx] brief successfully uploaded to system by [Gunasilan - System Profile Id (00001)]
26112015051133 => Success: [PH00044] successfully rename the brief old name [testnext.xlsx] new name [PH00044.xlsx] by [Gunasilan - System Profile Id (00001)]
26112015051133 => Success: [PH00044] successfully created by [Gunasilan - System Profile Id (00001)]
INSERT INTO next_id_generator_table(Description,SystemId,CreatedBy) VALUES ('Phase','PH00044',1)
26112015051133 => Success: [PH00044] successfully uploaded by [Gunasilan - System Profile Id (00001)]
INSERT INTO next_main_phase_table(phaseid,seasonid,categoryid,description,Brieffilename,Uploadedby,NewbriefName)
						VALUES 
						('PH00044','2','7','dfff','testnext.xlsx',1,'PH00044.xlsx')
26112015051133 => Success: [testnext.xlsx] brief successfully uploaded to system by [Gunasilan - System Profile Id (00001)]
26112015051157 => Success: [PH00045] successfully rename the brief old name [testnext2.xlsx] new name [PH00045.xlsx] by [Gunasilan - System Profile Id (00001)]
26112015051157 => Success: [PH00045] successfully created by [Gunasilan - System Profile Id (00001)]
INSERT INTO next_id_generator_table(Description,SystemId,CreatedBy) VALUES ('Phase','PH00045',1)
26112015051157 => Success: [PH00045] successfully uploaded by [Gunasilan - System Profile Id (00001)]
INSERT INTO next_main_phase_table(phaseid,seasonid,categoryid,description,Brieffilename,Uploadedby,NewbriefName)
						VALUES 
						('PH00045','24','22','ggg','testnext2.xlsx',1,'PH00045.xlsx')
26112015051157 => Success: [testnext2.xlsx] brief successfully uploaded to system by [Gunasilan - System Profile Id (00001)]
26112015051122 => Success: [PH00046] successfully rename the brief old name [testnext2.xlsx] new name [PH00046.xlsx] by [Gunasilan - System Profile Id (00001)]
26112015051122 => Success: [PH00046] successfully created by [Gunasilan - System Profile Id (00001)]
INSERT INTO next_id_generator_table(Description,SystemId,CreatedBy) VALUES ('Phase','PH00046',1)
26112015051122 => Success: [PH00046] successfully uploaded by [Gunasilan - System Profile Id (00001)]
INSERT INTO next_main_phase_table(phaseid,seasonid,categoryid,description,Brieffilename,Uploadedby,NewbriefName)
						VALUES 
						('PH00046','2','5','','testnext2.xlsx',1,'PH00046.xlsx')
26112015051122 => Success: [testnext2.xlsx] brief successfully uploaded to system by [Gunasilan - System Profile Id (00001)]
26112015051139 => Success: [PH00047] successfully rename the brief old name [testnext2.xlsx] new name [PH00047.xlsx] by [Gunasilan - System Profile Id (00001)]
26112015051139 => Success: [PH00047] successfully created by [Gunasilan - System Profile Id (00001)]
INSERT INTO next_id_generator_table(Description,SystemId,CreatedBy) VALUES ('Phase','PH00047',1)
26112015051139 => Success: [PH00047] successfully uploaded by [Gunasilan - System Profile Id (00001)]
INSERT INTO next_main_phase_table(phaseid,seasonid,categoryid,description,Brieffilename,Uploadedby,NewbriefName)
						VALUES 
						('PH00047','3','22','ff','testnext2.xlsx',1,'PH00047.xlsx')
26112015051139 => Success: [testnext2.xlsx] brief successfully uploaded to system by [Gunasilan - System Profile Id (00001)]
26112015051150 => Success: [PH00048] successfully rename the brief old name [testnext2.xlsx] new name [PH00048.xlsx] by [Gunasilan - System Profile Id (00001)]
26112015051150 => Success: [PH00048] successfully created by [Gunasilan - System Profile Id (00001)]
INSERT INTO next_id_generator_table(Description,SystemId,CreatedBy) VALUES ('Phase','PH00048',1)
26112015051150 => Success: [PH00048] successfully uploaded by [Gunasilan - System Profile Id (00001)]
INSERT INTO next_main_phase_table(phaseid,seasonid,categoryid,description,Brieffilename,Uploadedby,NewbriefName)
						VALUES 
						('PH00048','3','7','gna','testnext2.xlsx',1,'PH00048.xlsx')
26112015051150 => Success: [testnext2.xlsx] brief successfully uploaded to system by [Gunasilan - System Profile Id (00001)]
26112015051102 => Success: [PH00049] successfully rename the brief old name [testnext2.xlsx] new name [PH00049.xlsx] by [Gunasilan - System Profile Id (00001)]
26112015051107 => Success: [PH00049] successfully rename the brief old name [testnext.xlsx] new name [PH00049.xlsx] by [Gunasilan - System Profile Id (00001)]
26112015051107 => Success: [PH00049] successfully created by [Gunasilan - System Profile Id (00001)]
INSERT INTO next_id_generator_table(Description,SystemId,CreatedBy) VALUES ('Phase','PH00049',1)
26112015051107 => Success: [PH00049] successfully uploaded by [Gunasilan - System Profile Id (00001)]
INSERT INTO next_main_phase_table(phaseid,seasonid,categoryid,description,Brieffilename,Uploadedby,NewbriefName)
						VALUES 
						('PH00049','2','5','dff','testnext.xlsx',1,'PH00049.xlsx')
26112015051107 => Success: [testnext.xlsx] brief successfully uploaded to system by [Gunasilan - System Profile Id (00001)]
26112015051127 => Success: [PH00050] successfully rename the brief old name [testnext.xlsx] new name [PH00050.xlsx] by [Gunasilan - System Profile Id (00001)]
26112015051127 => Success: [PH00050] successfully created by [Gunasilan - System Profile Id (00001)]
INSERT INTO next_id_generator_table(Description,SystemId,CreatedBy) VALUES ('Phase','PH00050',1)
26112015051127 => Success: [PH00050] successfully uploaded by [Gunasilan - System Profile Id (00001)]
INSERT INTO next_main_phase_table(phaseid,seasonid,categoryid,description,Brieffilename,Uploadedby,NewbriefName)
						VALUES 
						('PH00050','2','5','dd','testnext.xlsx',1,'PH00050.xlsx')
26112015051127 => Success: [testnext.xlsx] brief successfully uploaded to system by [Gunasilan - System Profile Id (00001)]
26112015051120 => Success: [PH00051] successfully rename the brief old name [testnext.xlsx] new name [PH00051.xlsx] by [Gunasilan - System Profile Id (00001)]
26112015051120 => Success: [PH00051] successfully created by [Gunasilan - System Profile Id (00001)]
INSERT INTO next_id_generator_table(Description,SystemId,CreatedBy) VALUES ('Phase','PH00051',1)
26112015051120 => Success: [PH00051] successfully uploaded by [Gunasilan - System Profile Id (00001)]
INSERT INTO next_main_phase_table(phaseid,seasonid,categoryid,description,Brieffilename,Uploadedby,NewbriefName)
						VALUES 
						('PH00051','1','6','ff','testnext.xlsx',1,'PH00051.xlsx')
26112015051120 => Success: [testnext.xlsx] brief successfully uploaded to system by [Gunasilan - System Profile Id (00001)]
26112015051155 => Success: [PH00052] successfully rename the brief old name [testnext.xlsx] new name [PH00052.xlsx] by [Gunasilan - System Profile Id (00001)]
26112015051155 => Success: [PH00052] successfully created by [Gunasilan - System Profile Id (00001)]
INSERT INTO next_id_generator_table(Description,SystemId,CreatedBy) VALUES ('Phase','PH00052',1)
26112015051155 => Success: [PH00052] successfully uploaded by [Gunasilan - System Profile Id (00001)]
INSERT INTO next_main_phase_table(phaseid,seasonid,categoryid,description,Brieffilename,Uploadedby,NewbriefName)
						VALUES 
						('PH00052','2','5','fff','testnext.xlsx',1,'PH00052.xlsx')
26112015051155 => Success: [testnext.xlsx] brief successfully uploaded to system by [Gunasilan - System Profile Id (00001)]
26112015051114 => Success: [PH00053] successfully rename the brief old name [testnext.xlsx] new name [PH00053.xlsx] by [Gunasilan - System Profile Id (00001)]
26112015051114 => Success: [PH00053] successfully created by [Gunasilan - System Profile Id (00001)]
INSERT INTO next_id_generator_table(Description,SystemId,CreatedBy) VALUES ('Phase','PH00053',1)
26112015051114 => Success: [PH00053] successfully uploaded by [Gunasilan - System Profile Id (00001)]
INSERT INTO next_main_phase_table(phaseid,seasonid,categoryid,description,Brieffilename,Uploadedby,NewbriefName)
						VALUES 
						('PH00053','1','5','fff','testnext.xlsx',1,'PH00053.xlsx')
26112015051114 => Success: [testnext.xlsx] brief successfully uploaded to system by [Gunasilan - System Profile Id (00001)]
26112015051128 => Success: [PH00054] successfully rename the brief old name [testnext2.xlsx] new name [PH00054.xlsx] by [Gunasilan - System Profile Id (00001)]
26112015051128 => Success: [PH00054] successfully created by [Gunasilan - System Profile Id (00001)]
INSERT INTO next_id_generator_table(Description,SystemId,CreatedBy) VALUES ('Phase','PH00054',1)
26112015051128 => Success: [PH00054] successfully uploaded by [Gunasilan - System Profile Id (00001)]
INSERT INTO next_main_phase_table(phaseid,seasonid,categoryid,description,Brieffilename,Uploadedby,NewbriefName)
						VALUES 
						('PH00054','3','7','fff','testnext2.xlsx',1,'PH00054.xlsx')
26112015051128 => Success: [testnext2.xlsx] brief successfully uploaded to system by [Gunasilan - System Profile Id (00001)]
26112015051102 => Success: [PH00055] successfully rename the brief old name [testnext.xlsx] new name [PH00055.xlsx] by [Gunasilan - System Profile Id (00001)]
26112015051102 => Success: [PH00055] successfully created by [Gunasilan - System Profile Id (00001)]
INSERT INTO next_id_generator_table(Description,SystemId,CreatedBy) VALUES ('Phase','PH00055',1)
26112015051102 => Success: [PH00055] successfully uploaded by [Gunasilan - System Profile Id (00001)]
INSERT INTO next_main_phase_table(phaseid,seasonid,categoryid,description,Brieffilename,Uploadedby,NewbriefName)
						VALUES 
						('PH00055','1','4','ddd','testnext.xlsx',1,'PH00055.xlsx')
26112015051102 => Success: [testnext.xlsx] brief successfully uploaded to system by [Gunasilan - System Profile Id (00001)]
26112015051114 => Success: [PH00056] successfully rename the brief old name [testnext2.xlsx] new name [PH00056.xlsx] by [Gunasilan - System Profile Id (00001)]
26112015051114 => Success: [PH00056] successfully created by [Gunasilan - System Profile Id (00001)]
INSERT INTO next_id_generator_table(Description,SystemId,CreatedBy) VALUES ('Phase','PH00056',1)
26112015051114 => Success: [PH00056] successfully uploaded by [Gunasilan - System Profile Id (00001)]
INSERT INTO next_main_phase_table(phaseid,seasonid,categoryid,description,Brieffilename,Uploadedby,NewbriefName)
						VALUES 
						('PH00056','1','5','ddd','testnext2.xlsx',1,'PH00056.xlsx')
26112015051114 => Success: [testnext2.xlsx] brief successfully uploaded to system by [Gunasilan - System Profile Id (00001)]
26112015051145 => Success: [PH00057] successfully rename the brief old name [testnext.xlsx] new name [PH00057.xlsx] by [Gunasilan - System Profile Id (00001)]
26112015051145 => Success: [PH00057] successfully created by [Gunasilan - System Profile Id (00001)]
INSERT INTO next_id_generator_table(Description,SystemId,CreatedBy) VALUES ('Phase','PH00057',1)
26112015051145 => Success: [PH00057] successfully uploaded by [Gunasilan - System Profile Id (00001)]
INSERT INTO next_main_phase_table(phaseid,seasonid,categoryid,description,Brieffilename,Uploadedby,NewbriefName)
						VALUES 
						('PH00057','2','5','scrip','testnext.xlsx',1,'PH00057.xlsx')
26112015051145 => Success: [testnext.xlsx] brief successfully uploaded to system by [Gunasilan - System Profile Id (00001)]
29:11:2015 07:11:32 => Success: [gmuniandy] login succesfully
30:11:2015 03:11:48 => Success: [gmuniandy] login succesfully
01:12:2015 09:12:28 => Success: [gmuniandy] login succesfully
01122015091202 => Success: [1] masterd data successfully created by [Gunasilan - System Profile Id (00001)]
INSERT INTO next_master_data_detail(Dataname,Description,headerid,createdby) VALUES 
		('SS15 SPRING 1','SS15 SPRING 1','1','1')
01122015091200 => Success: [PH00058] successfully rename the brief old name [testnext.xlsx] new name [PH00058.xlsx] by [Gunasilan - System Profile Id (00001)]
01122015091200 => Success: [PH00058] successfully created by [Gunasilan - System Profile Id (00001)]
INSERT INTO next_id_generator_table(Description,SystemId,CreatedBy) VALUES ('Phase','PH00058',1)
01122015091200 => Success: [PH00058] successfully uploaded by [Gunasilan - System Profile Id (00001)]
INSERT INTO next_main_phase_table(phaseid,seasonid,categoryid,description,Brieffilename,Uploadedby,NewbriefName)
						VALUES 
						('PH00058','31','22','Test upload logic 1','testnext.xlsx',1,'PH00058.xlsx')
01122015091200 => Success: [testnext.xlsx] brief successfully uploaded to system by [Gunasilan - System Profile Id (00001)]
14:12:2015 10:12:16 => Success: [gmuniandy] login succesfully
14:12:2015 01:12:01 => Success: [gmuniandy] login succesfully
14:12:2015 05:12:36 => Success: [gmuniandy] login succesfully
15:12:2015 03:12:47 => Success: [gmuniandy] login succesfully
17:12:2015 12:12:42 => Success: [gmuniandy] login succesfully
17:12:2015 03:12:34 => Success: [gmuniandy] login succesfully
17:12:2015 04:12:28 => Success: [gmuniandy] login succesfully
2015-12-17 05:12:56 => Success: [] masterd data successfully created by [Gunasilan - System Profile Id (00001)]
UPDATE next_texture_lookup_table SET isapproved='Y', dateapproved = '2015-12-17 05:12:56'  WHERE id='4'
17122015051206 => Success: [PH00058] comments successfully created by [Gunasilan - System Profile Id (00001)]
INSERT INTO next_trans_cmtt_table(Comments,TransId,CommentedBy) VALUES ('','PH00058',1)
18:12:2015 09:12:05 => Success: [gmuniandy] login succesfully
21:12:2015 11:12:41 => Success: [gmuniandy] login succesfully
22:12:2015 10:12:25 => Success: [gmuniandy] login succesfully
22:12:2015 10:12:59 => Success: [gmuniandy] login succesfully
08:01:2016 06:01:59 => Success: [gmuniandy] login succesfully
08:01:2016 06:01:06 => Success: [gmuniandy] login succesfully
08012016060159 => Success: [PH00058] comments successfully created by [Gunasilan - System Profile Id (00001)]
INSERT INTO next_trans_cmtt_table(Comments,TransId,CommentedBy) VALUES ('test','PH00058',1)
08012016060129 => Success: [PH00059] comments successfully created by [Gunasilan - System Profile Id (00001)]
INSERT INTO next_trans_cmtt_table(Comments,TransId,CommentedBy) VALUES ('Test Guna','PH00059',1)
2016-01-08 06:01:02 => Success: [] masterd data successfully created by [Gunasilan - System Profile Id (00001)]
UPDATE next_texturesec_lookup_table SET isapproved='', dateapproved = ''  WHERE id='1'
2016-01-08 06:01:05 => Success: [] masterd data successfully created by [Gunasilan - System Profile Id (00001)]
UPDATE next_texturesec_lookup_table SET isapproved='Y', dateapproved = '2016-01-08 06:01:05'  WHERE id='1'
08012016070119 => Success: [1] masterd data successfully created by [Gunasilan - System Profile Id (00001)]
INSERT INTO next_master_data_detail(Dataname,Description,headerid,createdby) VALUES 
		('Test Meena','Meena','1','1')
2016-01-08 07:01:28 => Success: [] masterd data successfully created by [Gunasilan - System Profile Id (00001)]
UPDATE next_option_lookup_table SET isapproved='Y', dateapproved = '2016-01-08 07:01:28'  WHERE id='1'
08012016070132 => Success: [] Texture 2 data successfully created by [Gunasilan - System Profile Id (00001)]
INSERT INTO next_texturesec_lookup_table(Texture_Item_No,Texture_Color,Status,Season,Category,AddedBy) VALUES
	('','','0','0','0','1')
08012016070132 => Success: [] comments successfully created by [Gunasilan - System Profile Id (00001)]
INSERT INTO next_trans_cmtt_table(Comments,TransId,CommentedBy) VALUES ('','TexS4',1)
24:05:2016 12:05:19 => Success: [Karthikanagaraj] login succesfully
24052016010510 => Success: [] Texture 1 data successfully created by [Karthikanagaraj - System Profile Id (00007)]
INSERT INTO next_texture_lookup_table(Texture_Item_No,Texture_Name,Texture_Color,StdWrapCode,AltWrapCode1,
	AltWrapCode2,AltWrapCode3,FabricDesign,MaterialType,Status,Season,Category,AddedBy) VALUES
	(
	'','','','0','0','0','0'
	,'0','0','0','0','0','7')
24052016010510 => Success: [] comments successfully created by [Karthikanagaraj - System Profile Id (00007)]
INSERT INTO next_trans_cmtt_table(Comments,TransId,CommentedBy) VALUES ('','TexO20',7)
24052016010514 => Success: [] Texture 1 data successfully created by [Karthikanagaraj - System Profile Id (00007)]
INSERT INTO next_texture_lookup_table(Texture_Item_No,Texture_Name,Texture_Color,StdWrapCode,AltWrapCode1,
	AltWrapCode2,AltWrapCode3,FabricDesign,MaterialType,Status,Season,Category,AddedBy) VALUES
	(
	'','','','0','0','0','0'
	,'0','0','0','0','0','7')
24052016010514 => Success: [] comments successfully created by [Karthikanagaraj - System Profile Id (00007)]
INSERT INTO next_trans_cmtt_table(Comments,TransId,CommentedBy) VALUES ('','TexO21',7)
24052016010529 => Success: [] Texture 1 data successfully created by [Karthikanagaraj - System Profile Id (00007)]
INSERT INTO next_texture_lookup_table(Texture_Item_No,Texture_Name,Texture_Color,StdWrapCode,AltWrapCode1,
	AltWrapCode2,AltWrapCode3,FabricDesign,MaterialType,Status,Season,Category,AddedBy) VALUES
	(
	'','','','24','0','0','0'
	,'0','0','0','0','0','7')
24052016010529 => Success: [] comments successfully created by [Karthikanagaraj - System Profile Id (00007)]
INSERT INTO next_trans_cmtt_table(Comments,TransId,CommentedBy) VALUES ('','TexO22',7)
24052016010538 => Success: [] Texture 1 data successfully created by [Karthikanagaraj - System Profile Id (00007)]
INSERT INTO next_texture_lookup_table(Texture_Item_No,Texture_Name,Texture_Color,StdWrapCode,AltWrapCode1,
	AltWrapCode2,AltWrapCode3,FabricDesign,MaterialType,Status,Season,Category,AddedBy) VALUES
	(
	'','','','26','0','0','0'
	,'0','0','0','0','0','7')
24052016010538 => Success: [] comments successfully created by [Karthikanagaraj - System Profile Id (00007)]
INSERT INTO next_trans_cmtt_table(Comments,TransId,CommentedBy) VALUES ('','TexO23',7)
24052016010534 => Success: [] Texture 1 data successfully created by [Karthikanagaraj - System Profile Id (00007)]
INSERT INTO next_texture_lookup_table(Texture_Item_No,Texture_Name,Texture_Color,StdWrapCode,AltWrapCode1,
	AltWrapCode2,AltWrapCode3,FabricDesign,MaterialType,Status,Season,Category,AddedBy) VALUES
	(
	'','','','0','0','0','0'
	,'0','0','0','0','0','7')
24052016010534 => Success: [] comments successfully created by [Karthikanagaraj - System Profile Id (00007)]
INSERT INTO next_trans_cmtt_table(Comments,TransId,CommentedBy) VALUES ('','TexO24',7)
24052016020515 => Success: [] Texture 1 data successfully created by [Karthikanagaraj - System Profile Id (00007)]
INSERT INTO next_texture_lookup_table(Texture_Item_No,Texture_Name,Texture_Color,StdWrapCode,AltWrapCode1,
	AltWrapCode2,AltWrapCode3,FabricDesign,MaterialType,Status,Season,Category,AddedBy) VALUES
	(
	'','','','0','0','0','0'
	,'0','0','0','0','0','7')
24052016020515 => Success: [] comments successfully created by [Karthikanagaraj - System Profile Id (00007)]
INSERT INTO next_trans_cmtt_table(Comments,TransId,CommentedBy) VALUES ('','TexO25',7)
24:05:2016 02:05:47 => Success: [Karthikanagaraj] login succesfully
24052016020529 => Success: [] Texture 1 data successfully created by [Karthikanagaraj - System Profile Id (00007)]
INSERT INTO next_texture_lookup_table(Texture_Item_No,Texture_Name,Texture_Color,StdWrapCode,AltWrapCode1,
	AltWrapCode2,AltWrapCode3,FabricDesign,MaterialType,Status,Season,Category,AddedBy) VALUES
	(
	'','','','0','0','0','0'
	,'0','0','0','0','0','7')
24052016020529 => Success: [] comments successfully created by [Karthikanagaraj - System Profile Id (00007)]
INSERT INTO next_trans_cmtt_table(Comments,TransId,CommentedBy) VALUES ('','TexO26',7)
24052016020519 => Success: [] Texture 1 data successfully created by [Karthikanagaraj - System Profile Id (00007)]
INSERT INTO next_texture_lookup_table(Texture_Item_No,Texture_Name,Texture_Color,StdWrapCode,AltWrapCode1,
	AltWrapCode2,AltWrapCode3,FabricDesign,MaterialType,Status,Season,Category,AddedBy) VALUES
	(
	'','','','0','0','0','0'
	,'0','0','0','0','0','7')
24052016020519 => Success: [] comments successfully created by [Karthikanagaraj - System Profile Id (00007)]
INSERT INTO next_trans_cmtt_table(Comments,TransId,CommentedBy) VALUES ('','TexO27',7)
24052016020525 => Success: [] Texture 1 data successfully created by [Karthikanagaraj - System Profile Id (00007)]
INSERT INTO next_texture_lookup_table(Texture_Item_No,Texture_Name,Texture_Color,StdWrapCode,AltWrapCode1,
	AltWrapCode2,AltWrapCode3,FabricDesign,MaterialType,Status,Season,Category,AddedBy) VALUES
	(
	'','','','0','0','0','0'
	,'0','0','0','0','0','7')
24052016020525 => Success: [] comments successfully created by [Karthikanagaraj - System Profile Id (00007)]
INSERT INTO next_trans_cmtt_table(Comments,TransId,CommentedBy) VALUES ('','TexO28',7)
24052016020550 => Success: [] Texture 1 data successfully created by [Karthikanagaraj - System Profile Id (00007)]
INSERT INTO next_texture_lookup_table(Texture_Item_No,Texture_Name,Texture_Color,StdWrapCode,AltWrapCode1,
	AltWrapCode2,AltWrapCode3,FabricDesign,MaterialType,Status,Season,Category,AddedBy) VALUES
	(
	'','','','0','0','0','0'
	,'0','0','0','0','0','7')
24052016020550 => Success: [] comments successfully created by [Karthikanagaraj - System Profile Id (00007)]
INSERT INTO next_trans_cmtt_table(Comments,TransId,CommentedBy) VALUES ('','TexO29',7)
25:05:2016 05:05:20 => Success: [Karthikanagaraj] login succesfully
25052016060553 => Success: [] Texture 1 data successfully created by [Karthikanagaraj - System Profile Id (00007)]
INSERT INTO next_texture_lookup_table(Texture_Item_No,Texture_Name,Texture_Color,StdWrapCode,AltWrapCode1,
	AltWrapCode2,AltWrapCode3,FabricDesign,MaterialType,Status,Season,Category,AddedBy) VALUES
	(
	'','','','0','0','0','0'
	,'0','0','0','0','0','7')
25052016060553 => Success: [] comments successfully created by [Karthikanagaraj - System Profile Id (00007)]
INSERT INTO next_trans_cmtt_table(Comments,TransId,CommentedBy) VALUES ('','TexO30',7)
25052016060551 => Success: [] Texture 1 data successfully created by [Karthikanagaraj - System Profile Id (00007)]
INSERT INTO next_texture_lookup_table(Texture_Item_No,Texture_Name,Texture_Color,StdWrapCode,AltWrapCode1,
	AltWrapCode2,AltWrapCode3,FabricDesign,MaterialType,Status,Season,Category,AddedBy) VALUES
	(
	'','','','0','0','0','0'
	,'0','0','0','0','0','7')
25052016060551 => Success: [] comments successfully created by [Karthikanagaraj - System Profile Id (00007)]
INSERT INTO next_trans_cmtt_table(Comments,TransId,CommentedBy) VALUES ('','TexO31',7)
25052016060510 => Success: [00007] updated successfully created by [Karthikanagaraj - System Profile Id (00007)]
UPDATE nextdb.next_texture_lookup_table SET Status=41, Texture_Item_No = 'csdcd' ,  Texture_Name = 'dscdscs' ,  Texture_Color = 'dccscd' , StdWrapCode = '23' ,  AltWrapCode1 = '27' , AltWrapCode2 = '24' , AltWrapCode3 = '27' , FabricDesign = '17' , MaterialType = '11' , Season = '31' , Category = '1'  WHERE id = 21 
25052016060534 => Success: [26] deleted successfully created by [Karthikanagaraj - System Profile Id (00007)]
DELETE FROM next_texture_lookup_table WHERE id=26
25052016060542 => Success: [22] deleted successfully created by [Karthikanagaraj - System Profile Id (00007)]
DELETE FROM next_texture_lookup_table WHERE id=22
25052016060548 => Success: [31] deleted successfully created by [Karthikanagaraj - System Profile Id (00007)]
DELETE FROM next_texture_lookup_table WHERE id=31
25052016060559 => Success: [24] deleted successfully created by [Karthikanagaraj - System Profile Id (00007)]
DELETE FROM next_texture_lookup_table WHERE id=24
25052016060507 => Success: [25] deleted successfully created by [Karthikanagaraj - System Profile Id (00007)]
DELETE FROM next_texture_lookup_table WHERE id=25
25052016060511 => Success: [28] deleted successfully created by [Karthikanagaraj - System Profile Id (00007)]
DELETE FROM next_texture_lookup_table WHERE id=28
25052016060516 => Success: [29] deleted successfully created by [Karthikanagaraj - System Profile Id (00007)]
DELETE FROM next_texture_lookup_table WHERE id=29
25052016060520 => Success: [30] deleted successfully created by [Karthikanagaraj - System Profile Id (00007)]
DELETE FROM next_texture_lookup_table WHERE id=30
25052016060524 => Success: [27] deleted successfully created by [Karthikanagaraj - System Profile Id (00007)]
DELETE FROM next_texture_lookup_table WHERE id=27
25052016060534 => Success: [23] deleted successfully created by [Karthikanagaraj - System Profile Id (00007)]
DELETE FROM next_texture_lookup_table WHERE id=23
25052016060556 => Success: [20] deleted successfully created by [Karthikanagaraj - System Profile Id (00007)]
DELETE FROM next_texture_lookup_table WHERE id=20
25052016080550 => Success: [] Texture 1 data successfully created by [Karthikanagaraj - System Profile Id (00007)]
INSERT INTO next_option_lookup_table(
	Category,
	MaterialType,
	State,
	WrapCode_Option,
	AngleSet,
	Option_Code,
	Description,
	Main,
	_1,
	_2,
	_3,
	_4,
	_5,
	_6,
	_7,
	_8,
	_9,
	_10,
	_11,
	_12,
	_13,
	_14,
	_15,
	AddedBy
	) VALUES
	(
	'2',
	'12',
	'0',
	'0',
	'0',
	'',
	''
	,'',
	'',
	'',
	'',
	'',
	'',
	'',
	'',
	'',
	'',
	'',
	'',
	'',
	'',
	'',
	'',
	'7')
25052016080550 => Success: [] comments successfully created by [Karthikanagaraj - System Profile Id (00007)]
INSERT INTO next_trans_cmtt_table(Comments,TransId,CommentedBy) VALUES ('	','OptC12',7)
25052016080545 => Success: [] Texture 1 data successfully created by [Karthikanagaraj - System Profile Id (00007)]
INSERT INTO next_option_lookup_table(
	Category,
	MaterialType,
	State,
	WrapCode_Option,
	AngleSet,
	Option_Code,
	Description,
	Main,
	_1,
	_2,
	_3,
	_4,
	_5,
	_6,
	_7,
	_8,
	_9,
	_10,
	_11,
	_12,
	_13,
	_14,
	_15,
	AddedBy
	) VALUES
	(
	'2',
	'11',
	'16',
	'0',
	'0',
	'',
	''
	,'',
	'',
	'',
	'',
	'',
	'',
	'',
	'',
	'',
	'',
	'',
	'',
	'',
	'',
	'',
	'',
	'7')
25052016080545 => Success: [] comments successfully created by [Karthikanagaraj - System Profile Id (00007)]
INSERT INTO next_trans_cmtt_table(Comments,TransId,CommentedBy) VALUES ('	','OptC13',7)
25052016080548 => Success: [] Texture 1 data successfully created by [Karthikanagaraj - System Profile Id (00007)]
INSERT INTO next_option_lookup_table(
	Category,
	MaterialType,
	State,
	WrapCode_Option,
	AngleSet,
	Option_Code,
	Description,
	Main,
	_1,
	_2,
	_3,
	_4,
	_5,
	_6,
	_7,
	_8,
	_9,
	_10,
	_11,
	_12,
	_13,
	_14,
	_15,
	AddedBy
	) VALUES
	(
	'2',
	'11',
	'0',
	'0',
	'0',
	'',
	''
	,'',
	'',
	'',
	'',
	'',
	'',
	'',
	'',
	'',
	'',
	'',
	'',
	'',
	'',
	'',
	'',
	'7')
25052016080548 => Success: [] comments successfully created by [Karthikanagaraj - System Profile Id (00007)]
INSERT INTO next_trans_cmtt_table(Comments,TransId,CommentedBy) VALUES ('	','OptC14',7)
25052016080531 => Success: [] Texture 1 data successfully created by [Karthikanagaraj - System Profile Id (00007)]
INSERT INTO next_option_lookup_table(
	Category,
	MaterialType,
	State,
	WrapCode_Option,
	AngleSet,
	Option_Code,
	Description,
	Main,
	_1,
	_2,
	_3,
	_4,
	_5,
	_6,
	_7,
	_8,
	_9,
	_10,
	_11,
	_12,
	_13,
	_14,
	_15,
	AddedBy
	) VALUES
	(
	'1',
	'0',
	'0',
	'0',
	'0',
	'',
	''
	,'',
	'',
	'',
	'',
	'',
	'',
	'',
	'',
	'',
	'',
	'',
	'',
	'',
	'',
	'',
	'',
	'7')
25052016080531 => Success: [] comments successfully created by [Karthikanagaraj - System Profile Id (00007)]
INSERT INTO next_trans_cmtt_table(Comments,TransId,CommentedBy) VALUES ('	','OptC15',7)
25052016080558 => Success: [] Texture 1 data successfully created by [Karthikanagaraj - System Profile Id (00007)]
INSERT INTO next_option_lookup_table(
	Category,
	MaterialType,
	State,
	WrapCode_Option,
	AngleSet,
	Option_Code,
	Description,
	Main,
	_1,
	_2,
	_3,
	_4,
	_5,
	_6,
	_7,
	_8,
	_9,
	_10,
	_11,
	_12,
	_13,
	_14,
	_15,
	AddedBy
	) VALUES
	(
	'1',
	'11',
	'0',
	'0',
	'0',
	'',
	''
	,'',
	'',
	'',
	'',
	'',
	'',
	'',
	'',
	'',
	'',
	'',
	'',
	'',
	'',
	'',
	'',
	'7')
25052016080558 => Success: [] comments successfully created by [Karthikanagaraj - System Profile Id (00007)]
INSERT INTO next_trans_cmtt_table(Comments,TransId,CommentedBy) VALUES ('	','OptC16',7)
25052016080520 => Success: [] Texture 1 data successfully created by [Karthikanagaraj - System Profile Id (00007)]
INSERT INTO next_option_lookup_table(
	Category,
	MaterialType,
	State,
	WrapCode_Option,
	AngleSet,
	Option_Code,
	Description,
	Main,
	_1,
	_2,
	_3,
	_4,
	_5,
	_6,
	_7,
	_8,
	_9,
	_10,
	_11,
	_12,
	_13,
	_14,
	_15,
	AddedBy
	) VALUES
	(
	'2',
	'11',
	'16',
	'54',
	'61',
	'eqwdq',
	'dedfq'
	,'',
	'',
	'',
	'',
	'',
	'',
	'',
	'',
	'',
	'',
	'',
	'',
	'',
	'',
	'',
	'',
	'7')
25052016080520 => Success: [] comments successfully created by [Karthikanagaraj - System Profile Id (00007)]
INSERT INTO next_trans_cmtt_table(Comments,TransId,CommentedBy) VALUES ('	','OptC17',7)
25052016080536 => Success: [00007] updated successfully created by [Karthikanagaraj - System Profile Id (00007)]
UPDATE next_range_lookup_table SET Range_desc = 'Garda',  Bead_Option = '47' , Angle_set_Option = '56' , Category = '1'  WHERE id = 1 
25052016090553 => Success: [00007] updated successfully created by [Karthikanagaraj - System Profile Id (00007)]
UPDATE nextdb.next_option_lookup_table SET Category = '2' , MaterialType = '12' , State = '0' , WrapCode_Option = '0' , AngleSet = '0' , Option_Code = '' , Description = '' , Main = '' , _1 = '' , _2 = '' , _3 = '' , _4 = '' , _5 = '' , _6 = '' , _7 = '' , _8 = '' , _9 = '' , _10 = '' , _11 = '' , _12 = '' ,_13 = '' , _14 = '' , _15 = '' WHERE id = 12
25052016090501 => Success: [00007] updated successfully created by [Karthikanagaraj - System Profile Id (00007)]
UPDATE nextdb.next_option_lookup_table SET Category = '1' , MaterialType = '12' , State = '50' , WrapCode_Option = '54' , AngleSet = '56' , Option_Code = '25' , Description = 'Large Chaise End Corner - Left Hand (4seats)' , Main = '72' , _1 = 'N/A' , _2 = '68' , _3 = '58' , _4 = '60' , _5 = '52' , _6 = '54' , _7 = '66' , _8 = '64' , _9 = '' , _10 = '' , _11 = '' , _12 = '' ,_13 = '' , _14 = '' , _15 = '' WHERE id = 2
25052016090514 => Success: [00007] updated successfully created by [Karthikanagaraj - System Profile Id (00007)]
UPDATE nextdb.next_option_lookup_table SET Category = '1' , MaterialType = '12' , State = '50' , WrapCode_Option = '54' , AngleSet = '56' , Option_Code = '25' , Description = 'Large Chaise End Corner - Left Hand (4seats)' , Main = '72' , _1 = 'N/A' , _2 = '68' , _3 = '58' , _4 = '60' , _5 = '52' , _6 = '54' , _7 = '66' , _8 = '64' , _9 = '' , _10 = '' , _11 = '' , _12 = '' ,_13 = '' , _14 = '' , _15 = '' WHERE id = 2
25052016090507 => Success: [00007] updated successfully created by [Karthikanagaraj - System Profile Id (00007)]
UPDATE nextdb.next_option_lookup_table SET Category = '' , MaterialType = '' , State = '' , WrapCode_Option = '' , AngleSet = '' , Option_Code = '' , Description = '' , Main = '' , _1 = '' , _2 = '' , _3 = '' , _4 = '' , _5 = '' , _6 = '' , _7 = '' , _8 = '' , _9 = '' , _10 = '' , _11 = '' , _12 = '' ,_13 = '' , _14 = '' , _15 = '' WHERE id = 2
25052016090532 => Success: [00007] updated successfully created by [Karthikanagaraj - System Profile Id (00007)]
UPDATE next_range_lookup_table SET Range_desc = 'Garda',  Bead_Option = '47' , Angle_set_Option = '56' , Category = '1'  WHERE id = 1 
25052016090509 => Success: [00007] updated successfully created by [Karthikanagaraj - System Profile Id (00007)]
UPDATE next_range_lookup_table SET Range_desc = 'Garda with storage',  Bead_Option = '47' , Angle_set_Option = '61' , Category = '1'  WHERE id = 2 
25052016090520 => Success: [00007] updated successfully created by [Karthikanagaraj - System Profile Id (00007)]
UPDATE next_range_lookup_table SET Range_desc = 'Milano with Studs',  Bead_Option = '47' , Angle_set_Option = '56' , Category = '1'  WHERE id = 6 
25052016090513 => Success: [] Texture 2 data successfully created by [Karthikanagaraj - System Profile Id (00007)]
INSERT INTO next_texturesec_lookup_table(Texture_Item_No,Texture_Color,Status,Season,Category,AddedBy) VALUES
	('','','0','0','0','7')
25052016090513 => Success: [] comments successfully created by [Karthikanagaraj - System Profile Id (00007)]
INSERT INTO next_trans_cmtt_table(Comments,TransId,CommentedBy) VALUES ('','TexS13',7)
25052016090518 => Success: [00007] updated successfully created by [Karthikanagaraj - System Profile Id (00007)]
UPDATE nextdb.next_texturesec_lookup_table SET Status=46, Texture_Item_No = '',  Texture_Color = '' , Season = '31' , Category = '1'  WHERE id = 7 
26:05:2016 06:05:54 => Success: [Karthikanagaraj] login succesfully
26:05:2016 06:05:05 => Success: [Karthikanagaraj] login succesfully
31:05:2016 08:05:52 => Success: [Karthikanagaraj] login succesfully
04:10:2016 08:10:39 => Success: [giribabu] login succesfully
04102016081053 => Error: [] Texture 1 data Error uploaded by [6 - System Profile Id (00006)]

